GNU gdb (Ubuntu 9.2-0ubuntu1~20.04.1) 9.2
Copyright (C) 2020 Free Software Foundation, Inc.
License GPLv3+: GNU GPL version 3 or later <http://gnu.org/licenses/gpl.html>
This is free software: you are free to change and redistribute it.
There is NO WARRANTY, to the extent permitted by law.
Type "show copying" and "show warranty" for details.
This GDB was configured as "x86_64-linux-gnu".
Type "show configuration" for configuration details.
For bug reporting instructions, please see:
<http://www.gnu.org/software/gdb/bugs/>.
Find the GDB manual and other documentation resources online at:
    <http://www.gnu.org/software/gdb/documentation/>.

For help, type "help".
Type "apropos word" to search for commands related to "word".
(No debugging symbols found in /usr/bin/python3.8)
[Thread debugging using libthread_db enabled]
Using host libthread_db library "/lib/x86_64-linux-gnu/libthread_db.so.1".
(No debugging symbols found in /lib/x86_64-linux-gnu/libexpat.so.1)
(No debugging symbols found in /lib/x86_64-linux-gnu/libz.so.1)
(No debugging symbols found in /lib64/ld-linux-x86-64.so.2)
(No debugging symbols found in /usr/lib/python3.8/lib-dynload/_json.cpython-38-x86_64-linux-gnu.so)
(No debugging symbols found in /usr/lib/python3.8/lib-dynload/_bz2.cpython-38-x86_64-linux-gnu.so)
(No debugging symbols found in /lib/x86_64-linux-gnu/libbz2.so.1.0)
(No debugging symbols found in /usr/lib/python3.8/lib-dynload/_lzma.cpython-38-x86_64-linux-gnu.so)
(No debugging symbols found in /lib/x86_64-linux-gnu/liblzma.so.5)
(No debugging symbols found in /usr/lib/python3.8/lib-dynload/_opcode.cpython-38-x86_64-linux-gnu.so)
(No debugging symbols found in /usr/lib/python3.8/lib-dynload/termios.cpython-38-x86_64-linux-gnu.so)
(No debugging symbols found in /usr/lib/python3.8/lib-dynload/resource.cpython-38-x86_64-linux-gnu.so)
(No debugging symbols found in /usr/lib/python3.8/lib-dynload/_hashlib.cpython-38-x86_64-linux-gnu.so)
(No debugging symbols found in /lib/x86_64-linux-gnu/libcrypto.so.1.1)
(No debugging symbols found in /usr/lib/python3.8/lib-dynload/_sqlite3.cpython-38-x86_64-linux-gnu.so)
(No debugging symbols found in /lib/x86_64-linux-gnu/libsqlite3.so.0)
(No debugging symbols found in /usr/lib/python3.8/lib-dynload/_ssl.cpython-38-x86_64-linux-gnu.so)
(No debugging symbols found in /lib/x86_64-linux-gnu/libssl.so.1.1)
(No debugging symbols found in /usr/lib/python3.8/lib-dynload/_contextvars.cpython-38-x86_64-linux-gnu.so)
(No debugging symbols found in /usr/lib/python3.8/lib-dynload/_asyncio.cpython-38-x86_64-linux-gnu.so)
(No debugging symbols found in /usr/lib/python3.8/lib-dynload/_queue.cpython-38-x86_64-linux-gnu.so)
(No debugging symbols found in /usr/lib/python3.8/lib-dynload/_ctypes.cpython-38-x86_64-linux-gnu.so)
(No debugging symbols found in /lib/x86_64-linux-gnu/libffi.so.7)
(No debugging symbols found in /usr/lib/python3.8/lib-dynload/_lsprof.cpython-38-x86_64-linux-gnu.so)
(No debugging symbols found in /usr/lib/python3/dist-packages/zmq/backend/cython/constants.cpython-38-x86_64-linux-gnu.so)
(No debugging symbols found in /usr/lib/python3/dist-packages/zmq/backend/cython/error.cpython-38-x86_64-linux-gnu.so)
(No debugging symbols found in /lib/x86_64-linux-gnu/libzmq.so.5)
(No debugging symbols found in /lib/x86_64-linux-gnu/libsodium.so.23)
(No debugging symbols found in /lib/x86_64-linux-gnu/libpgm-5.2.so.0)
(No debugging symbols found in /lib/x86_64-linux-gnu/libnorm.so.1)
(No debugging symbols found in /lib/x86_64-linux-gnu/libgssapi_krb5.so.2)
(No debugging symbols found in /lib/x86_64-linux-gnu/libstdc++.so.6)
(No debugging symbols found in /lib/x86_64-linux-gnu/libgcc_s.so.1)
(No debugging symbols found in /lib/x86_64-linux-gnu/libkrb5.so.3)
(No debugging symbols found in /lib/x86_64-linux-gnu/libk5crypto.so.3)
(No debugging symbols found in /lib/x86_64-linux-gnu/libcom_err.so.2)
(No debugging symbols found in /lib/x86_64-linux-gnu/libkrb5support.so.0)
(No debugging symbols found in /lib/x86_64-linux-gnu/libkeyutils.so.1)
(No debugging symbols found in /usr/lib/python3/dist-packages/zmq/backend/cython/message.cpython-38-x86_64-linux-gnu.so)
(No debugging symbols found in /usr/lib/python3/dist-packages/zmq/backend/cython/context.cpython-38-x86_64-linux-gnu.so)
(No debugging symbols found in /usr/lib/python3/dist-packages/zmq/backend/cython/socket.cpython-38-x86_64-linux-gnu.so)
(No debugging symbols found in /usr/lib/python3/dist-packages/zmq/backend/cython/utils.cpython-38-x86_64-linux-gnu.so)
(No debugging symbols found in /usr/lib/python3/dist-packages/zmq/backend/cython/_poll.cpython-38-x86_64-linux-gnu.so)
(No debugging symbols found in /usr/lib/python3/dist-packages/zmq/backend/cython/_version.cpython-38-x86_64-linux-gnu.so)
(No debugging symbols found in /usr/lib/python3/dist-packages/zmq/backend/cython/_device.cpython-38-x86_64-linux-gnu.so)
(No debugging symbols found in /usr/lib/python3/dist-packages/zmq/backend/cython/_proxy_steerable.cpython-38-x86_64-linux-gnu.so)
(No debugging symbols found in /usr/lib/python3.8/lib-dynload/_decimal.cpython-38-x86_64-linux-gnu.so)
(No debugging symbols found in /lib/x86_64-linux-gnu/libmpdec.so.2)
(No debugging symbols found in /usr/lib/python3/dist-packages/simplejson/_speedups.cpython-38-x86_64-linux-gnu.so)
(No debugging symbols found in /usr/lib/python3.8/lib-dynload/_uuid.cpython-38-x86_64-linux-gnu.so)
(No debugging symbols found in /lib/x86_64-linux-gnu/libuuid.so.1)
(No debugging symbols found in /usr/lib/python3.8/lib-dynload/_curses.cpython-38-x86_64-linux-gnu.so)
(No debugging symbols found in /lib/x86_64-linux-gnu/libncursesw.so.6)
(No debugging symbols found in /lib/x86_64-linux-gnu/libtinfo.so.6)
(No debugging symbols found in /home/yorgos/.local/lib/python3.8/site-packages/numpy/core/_multiarray_umath.cpython-38-x86_64-linux-gnu.so)
(No debugging symbols found in /home/yorgos/.local/lib/python3.8/site-packages/numpy/core/../../numpy.libs/libopenblasp-r0-5bebc122.3.13.dev.so)
(No debugging symbols found in /home/yorgos/.local/lib/python3.8/site-packages/numpy/core/../../numpy.libs/libgfortran-2e0d59d6.so.5.0.0)
(No debugging symbols found in /home/yorgos/.local/lib/python3.8/site-packages/numpy/core/../../numpy.libs/libquadmath-2d0c479f.so.0.0.0)
(No debugging symbols found in /home/yorgos/.local/lib/python3.8/site-packages/numpy/core/../../numpy.libs/libz-eb09ad1d.so.1.2.3)
(No debugging symbols found in /home/yorgos/.local/lib/python3.8/site-packages/numpy/core/_multiarray_tests.cpython-38-x86_64-linux-gnu.so)
(No debugging symbols found in /home/yorgos/.local/lib/python3.8/site-packages/numpy/linalg/lapack_lite.cpython-38-x86_64-linux-gnu.so)
(No debugging symbols found in /home/yorgos/.local/lib/python3.8/site-packages/numpy/linalg/_umath_linalg.cpython-38-x86_64-linux-gnu.so)
(No debugging symbols found in /home/yorgos/.local/lib/python3.8/site-packages/numpy/fft/_pocketfft_internal.cpython-38-x86_64-linux-gnu.so)
(No debugging symbols found in /home/yorgos/.local/lib/python3.8/site-packages/numpy/random/mtrand.cpython-38-x86_64-linux-gnu.so)
(No debugging symbols found in /home/yorgos/.local/lib/python3.8/site-packages/numpy/random/bit_generator.cpython-38-x86_64-linux-gnu.so)
(No debugging symbols found in /home/yorgos/.local/lib/python3.8/site-packages/numpy/random/_common.cpython-38-x86_64-linux-gnu.so)
(No debugging symbols found in /home/yorgos/.local/lib/python3.8/site-packages/numpy/random/_bounded_integers.cpython-38-x86_64-linux-gnu.so)
(No debugging symbols found in /home/yorgos/.local/lib/python3.8/site-packages/numpy/random/_mt19937.cpython-38-x86_64-linux-gnu.so)
(No debugging symbols found in /home/yorgos/.local/lib/python3.8/site-packages/numpy/random/_philox.cpython-38-x86_64-linux-gnu.so)
(No debugging symbols found in /home/yorgos/.local/lib/python3.8/site-packages/numpy/random/_pcg64.cpython-38-x86_64-linux-gnu.so)
(No debugging symbols found in /home/yorgos/.local/lib/python3.8/site-packages/numpy/random/_sfc64.cpython-38-x86_64-linux-gnu.so)
(No debugging symbols found in /home/yorgos/.local/lib/python3.8/site-packages/numpy/random/_generator.cpython-38-x86_64-linux-gnu.so)
(No debugging symbols found in /usr/lib/python3/dist-packages/PIL/_imaging.cpython-38-x86_64-linux-gnu.so)
(No debugging symbols found in /lib/x86_64-linux-gnu/libjpeg.so.8)
(No debugging symbols found in /lib/x86_64-linux-gnu/libimagequant.so.0)
(No debugging symbols found in /lib/x86_64-linux-gnu/libtiff.so.5)
(No debugging symbols found in /lib/x86_64-linux-gnu/libwebp.so.6)
(No debugging symbols found in /lib/x86_64-linux-gnu/libzstd.so.1)
(No debugging symbols found in /lib/x86_64-linux-gnu/libjbig.so.0)
(No debugging symbols found in /usr/lib/python3/dist-packages/kiwisolver.cpython-38-x86_64-linux-gnu.so)
(No debugging symbols found in /usr/lib/python3/dist-packages/cysignals/signals.cpython-38-x86_64-linux-gnu.so)
(No debugging symbols found in /lib/x86_64-linux-gnu/libpari-gmp-tls.so.6)
(No debugging symbols found in /lib/x86_64-linux-gnu/libgmp.so.10)
(No debugging symbols found in /usr/lib/python3/dist-packages/sage/misc/lazy_import.cpython-38-x86_64-linux-gnu.so)
(No debugging symbols found in /usr/lib/python3/dist-packages/sage/docs/instancedoc.cpython-38-x86_64-linux-gnu.so)
(No debugging symbols found in /usr/lib/python3/dist-packages/sage/misc/lazy_attribute.cpython-38-x86_64-linux-gnu.so)
(No debugging symbols found in /usr/lib/python3/dist-packages/sage/misc/randstate.cpython-38-x86_64-linux-gnu.so)
(No debugging symbols found in /usr/lib/python3/dist-packages/sage/libs/gmp/pylong.cpython-38-x86_64-linux-gnu.so)
(No debugging symbols found in /usr/lib/python3/dist-packages/sage/misc/lazy_string.cpython-38-x86_64-linux-gnu.so)
(No debugging symbols found in /usr/lib/python3/dist-packages/sage/misc/misc_c.cpython-38-x86_64-linux-gnu.so)
(No debugging symbols found in /usr/lib/python3/dist-packages/sage/cpython/string.cpython-38-x86_64-linux-gnu.so)
(No debugging symbols found in /usr/lib/python3/dist-packages/sage/misc/cachefunc.cpython-38-x86_64-linux-gnu.so)
(No debugging symbols found in /usr/lib/python3/dist-packages/sage/misc/function_mangling.cpython-38-x86_64-linux-gnu.so)
(No debugging symbols found in /usr/lib/python3/dist-packages/sage/misc/weak_dict.cpython-38-x86_64-linux-gnu.so)
(No debugging symbols found in /usr/lib/python3/dist-packages/sage/cpython/dict_del_by_value.cpython-38-x86_64-linux-gnu.so)
(No debugging symbols found in /usr/lib/python3/dist-packages/sage/misc/sage_ostools.cpython-38-x86_64-linux-gnu.so)
(No debugging symbols found in /usr/lib/python3/dist-packages/sage/structure/element.cpython-38-x86_64-linux-gnu.so)
(No debugging symbols found in /usr/lib/python3/dist-packages/sage/structure/sage_object.cpython-38-x86_64-linux-gnu.so)
(No debugging symbols found in /usr/lib/python3/dist-packages/sage/misc/persist.cpython-38-x86_64-linux-gnu.so)
(No debugging symbols found in /usr/lib/python3/dist-packages/sage/misc/inherit_comparison.cpython-38-x86_64-linux-gnu.so)
(No debugging symbols found in /usr/lib/python3/dist-packages/sage/misc/nested_class.cpython-38-x86_64-linux-gnu.so)
(No debugging symbols found in /usr/lib/python3/dist-packages/sage/misc/classcall_metaclass.cpython-38-x86_64-linux-gnu.so)
(No debugging symbols found in /usr/lib/python3/dist-packages/sage/structure/category_object.cpython-38-x86_64-linux-gnu.so)
(No debugging symbols found in /usr/lib/python3/dist-packages/sage/cpython/getattr.cpython-38-x86_64-linux-gnu.so)
(No debugging symbols found in /usr/lib/python3/dist-packages/sage/structure/debug_options.cpython-38-x86_64-linux-gnu.so)
(No debugging symbols found in /usr/lib/python3/dist-packages/sage/misc/c3_controlled.cpython-38-x86_64-linux-gnu.so)
(No debugging symbols found in /usr/lib/python3/dist-packages/sage/misc/fast_methods.cpython-38-x86_64-linux-gnu.so)
(No debugging symbols found in /usr/lib/python3/dist-packages/sage/misc/constant_function.cpython-38-x86_64-linux-gnu.so)
(No debugging symbols found in /usr/lib/python3/dist-packages/sage/structure/richcmp.cpython-38-x86_64-linux-gnu.so)
(No debugging symbols found in /usr/lib/python3/dist-packages/sage/cpython/builtin_types.cpython-38-x86_64-linux-gnu.so)
(No debugging symbols found in /usr/lib/python3/dist-packages/sage/categories/category_cy_helper.cpython-38-x86_64-linux-gnu.so)
(No debugging symbols found in /usr/lib/python3/dist-packages/sage/structure/coerce_dict.cpython-38-x86_64-linux-gnu.so)
(No debugging symbols found in /usr/lib/python3/dist-packages/sage/structure/parent.cpython-38-x86_64-linux-gnu.so)
(No debugging symbols found in /usr/lib/python3/dist-packages/sage/categories/map.cpython-38-x86_64-linux-gnu.so)
(No debugging symbols found in /usr/lib/python3/dist-packages/sage/sets/pythonclass.cpython-38-x86_64-linux-gnu.so)
(No debugging symbols found in /usr/lib/python3/dist-packages/sage/categories/category_singleton.cpython-38-x86_64-linux-gnu.so)
(No debugging symbols found in /usr/lib/python3/dist-packages/sage/categories/functor.cpython-38-x86_64-linux-gnu.so)
(No debugging symbols found in /usr/lib/python3/dist-packages/sage/categories/morphism.cpython-38-x86_64-linux-gnu.so)
(No debugging symbols found in /usr/lib/python3/dist-packages/sage/arith/power.cpython-38-x86_64-linux-gnu.so)
(No debugging symbols found in /usr/lib/python3/dist-packages/sage/structure/coerce.cpython-38-x86_64-linux-gnu.so)
(No debugging symbols found in /usr/lib/python3/dist-packages/gmpy2/gmpy2.cpython-38-x86_64-linux-gnu.so)
(No debugging symbols found in /lib/x86_64-linux-gnu/libmpc.so.3)
(No debugging symbols found in /lib/x86_64-linux-gnu/libmpfr.so.6)
(No debugging symbols found in /usr/lib/python3/dist-packages/sage/categories/action.cpython-38-x86_64-linux-gnu.so)
(No debugging symbols found in /usr/lib/python3/dist-packages/sage/structure/coerce_actions.cpython-38-x86_64-linux-gnu.so)
(No debugging symbols found in /usr/lib/python3/dist-packages/sage/structure/coerce_maps.cpython-38-x86_64-linux-gnu.so)
(No debugging symbols found in /usr/lib/python3/dist-packages/sage/cpython/type.cpython-38-x86_64-linux-gnu.so)
(No debugging symbols found in /usr/lib/python3/dist-packages/sage/misc/sage_timeit_class.cpython-38-x86_64-linux-gnu.so)
(No debugging symbols found in /usr/lib/python3/dist-packages/sage/misc/session.cpython-38-x86_64-linux-gnu.so)
(No debugging symbols found in /usr/lib/python3/dist-packages/sage/misc/fpickle.cpython-38-x86_64-linux-gnu.so)
(No debugging symbols found in /usr/lib/python3/dist-packages/sage/misc/reset.cpython-38-x86_64-linux-gnu.so)
(No debugging symbols found in /usr/lib/python3/dist-packages/sage/rings/complex_double.cpython-38-x86_64-linux-gnu.so)
(No debugging symbols found in /lib/x86_64-linux-gnu/libgsl.so.23)
(No debugging symbols found in /lib/x86_64-linux-gnu/libgslcblas.so.0)
(No debugging symbols found in /usr/lib/python3/dist-packages/sage/rings/ring.cpython-38-x86_64-linux-gnu.so)
(No debugging symbols found in /usr/lib/python3/dist-packages/sage/structure/parent_gens.cpython-38-x86_64-linux-gnu.so)
(No debugging symbols found in /usr/lib/python3/dist-packages/sage/structure/parent_base.cpython-38-x86_64-linux-gnu.so)
(No debugging symbols found in /usr/lib/python3/dist-packages/sage/structure/parent_old.cpython-38-x86_64-linux-gnu.so)
(No debugging symbols found in /usr/lib/python3/dist-packages/sage/categories/coercion_methods.cpython-38-x86_64-linux-gnu.so)
(No debugging symbols found in /usr/lib/python3/dist-packages/sage/rings/integer.cpython-38-x86_64-linux-gnu.so)
(No debugging symbols found in /lib/x86_64-linux-gnu/libflint-2.5.2.so)
(No debugging symbols found in /lib/x86_64-linux-gnu/libntl.so.43)
(No debugging symbols found in /lib/x86_64-linux-gnu/libgf2x.so.3)
(No debugging symbols found in /usr/lib/python3/dist-packages/sage/rings/rational.cpython-38-x86_64-linux-gnu.so)
(No debugging symbols found in /usr/lib/python3/dist-packages/sage/rings/fast_arith.cpython-38-x86_64-linux-gnu.so)
(No debugging symbols found in /usr/lib/python3/dist-packages/cypari2/pari_instance.cpython-38-x86_64-linux-gnu.so)
(No debugging symbols found in /usr/lib/python3/dist-packages/cypari2/gen.cpython-38-x86_64-linux-gnu.so)
(No debugging symbols found in /usr/lib/python3/dist-packages/cypari2/stack.cpython-38-x86_64-linux-gnu.so)
(No debugging symbols found in /usr/lib/python3/dist-packages/cypari2/string_utils.cpython-38-x86_64-linux-gnu.so)
(No debugging symbols found in /usr/lib/python3/dist-packages/cypari2/convert.cpython-38-x86_64-linux-gnu.so)
(No debugging symbols found in /usr/lib/python3/dist-packages/cypari2/closure.cpython-38-x86_64-linux-gnu.so)
(No debugging symbols found in /usr/lib/python3/dist-packages/cypari2/handle_error.cpython-38-x86_64-linux-gnu.so)
(No debugging symbols found in /usr/lib/python3/dist-packages/psutil/_psutil_linux.cpython-38-x86_64-linux-gnu.so)
(No debugging symbols found in /usr/lib/python3/dist-packages/psutil/_psutil_posix.cpython-38-x86_64-linux-gnu.so)
(No debugging symbols found in /usr/lib/python3/dist-packages/sage/ext/memory.cpython-38-x86_64-linux-gnu.so)
(No debugging symbols found in /usr/lib/python3/dist-packages/sage/libs/pari/convert_gmp.cpython-38-x86_64-linux-gnu.so)
(No debugging symbols found in /usr/lib/python3/dist-packages/sage/arith/rational_reconstruction.cpython-38-x86_64-linux-gnu.so)
(No debugging symbols found in /usr/lib/python3/dist-packages/sage/rings/number_field/number_field_base.cpython-38-x86_64-linux-gnu.so)
(No debugging symbols found in /usr/lib/python3/dist-packages/sage/rings/integer_ring.cpython-38-x86_64-linux-gnu.so)
(No debugging symbols found in /usr/lib/python3/dist-packages/sage/libs/ntl/error.cpython-38-x86_64-linux-gnu.so)
(No debugging symbols found in /usr/lib/python3/dist-packages/sage/libs/ntl/convert.cpython-38-x86_64-linux-gnu.so)
(No debugging symbols found in /usr/lib/python3/dist-packages/sage/interfaces/sagespawn.cpython-38-x86_64-linux-gnu.so)
(No debugging symbols found in /usr/lib/python3/dist-packages/sage/interfaces/process.cpython-38-x86_64-linux-gnu.so)
(No debugging symbols found in /usr/lib/python3/dist-packages/cysignals/pselect.cpython-38-x86_64-linux-gnu.so)
(No debugging symbols found in /usr/lib/python3/dist-packages/cysignals/pysignals.cpython-38-x86_64-linux-gnu.so)
(No debugging symbols found in /usr/lib/python3/dist-packages/sage/rings/real_mpfr.cpython-38-x86_64-linux-gnu.so)
(No debugging symbols found in /usr/lib/python3/dist-packages/sage/rings/real_double.cpython-38-x86_64-linux-gnu.so)
(No debugging symbols found in /usr/lib/python3/dist-packages/sage/misc/allocator.cpython-38-x86_64-linux-gnu.so)
(No debugging symbols found in /usr/lib/python3/dist-packages/sage/libs/mpmath/utils.cpython-38-x86_64-linux-gnu.so)
(No debugging symbols found in /usr/lib/python3/dist-packages/sage/rings/complex_number.cpython-38-x86_64-linux-gnu.so)
(No debugging symbols found in /usr/lib/python3/dist-packages/sage/rings/morphism.cpython-38-x86_64-linux-gnu.so)
(No debugging symbols found in /usr/lib/python3/dist-packages/sage/modules/module.cpython-38-x86_64-linux-gnu.so)
(No debugging symbols found in /usr/lib/python3/dist-packages/sage/structure/mutability.cpython-38-x86_64-linux-gnu.so)
(No debugging symbols found in /usr/lib/python3/dist-packages/sage/structure/element_wrapper.cpython-38-x86_64-linux-gnu.so)
(No debugging symbols found in /usr/lib/python3/dist-packages/sage/rings/convert/mpfi.cpython-38-x86_64-linux-gnu.so)
(No debugging symbols found in /lib/x86_64-linux-gnu/libmpfi.so.0)
(No debugging symbols found in /usr/lib/python3/dist-packages/sage/rings/real_mpfi.cpython-38-x86_64-linux-gnu.so)
(No debugging symbols found in /usr/lib/python3/dist-packages/sage/rings/complex_interval.cpython-38-x86_64-linux-gnu.so)
(No debugging symbols found in /usr/lib/python3/dist-packages/sage/rings/noncommutative_ideals.cpython-38-x86_64-linux-gnu.so)
(No debugging symbols found in /usr/lib/python3/dist-packages/sage/libs/flint/arith.cpython-38-x86_64-linux-gnu.so)
(No debugging symbols found in /usr/lib/python3/dist-packages/sage/arith/functions.cpython-38-x86_64-linux-gnu.so)
(No debugging symbols found in /usr/lib/python3/dist-packages/sage/arith/srange.cpython-38-x86_64-linux-gnu.so)
(No debugging symbols found in /usr/lib/python3/dist-packages/sage/misc/parser.cpython-38-x86_64-linux-gnu.so)
(No debugging symbols found in /usr/lib/python3/dist-packages/sage/libs/ntl/ntl_ZZ.cpython-38-x86_64-linux-gnu.so)
(No debugging symbols found in /usr/lib/python3/dist-packages/sage/libs/ntl/ntl_ZZ_pContext.cpython-38-x86_64-linux-gnu.so)
(No debugging symbols found in /usr/lib/python3/dist-packages/sage/libs/ntl/ntl_ZZ_p.cpython-38-x86_64-linux-gnu.so)
(No debugging symbols found in /usr/lib/python3/dist-packages/sage/libs/ntl/ntl_ZZX.cpython-38-x86_64-linux-gnu.so)
(No debugging symbols found in /usr/lib/python3/dist-packages/sage/libs/ntl/ntl_ZZ_pX.cpython-38-x86_64-linux-gnu.so)
(No debugging symbols found in /usr/lib/python3/dist-packages/sage/libs/ntl/ntl_ZZ_pEContext.cpython-38-x86_64-linux-gnu.so)
(No debugging symbols found in /usr/lib/python3/dist-packages/sage/libs/ntl/ntl_ZZ_pE.cpython-38-x86_64-linux-gnu.so)
(No debugging symbols found in /usr/lib/python3/dist-packages/sage/libs/ntl/ntl_ZZ_pEX.cpython-38-x86_64-linux-gnu.so)
(No debugging symbols found in /usr/lib/python3/dist-packages/sage/libs/ntl/ntl_lzz_pContext.cpython-38-x86_64-linux-gnu.so)
(No debugging symbols found in /usr/lib/python3/dist-packages/sage/libs/ntl/ntl_lzz_p.cpython-38-x86_64-linux-gnu.so)
(No debugging symbols found in /usr/lib/python3/dist-packages/sage/rings/finite_rings/element_base.cpython-38-x86_64-linux-gnu.so)
(No debugging symbols found in /usr/lib/python3/dist-packages/sage/rings/finite_rings/integer_mod.cpython-38-x86_64-linux-gnu.so)
(No debugging symbols found in /usr/lib/python3/dist-packages/sage/libs/ntl/ntl_lzz_pX.cpython-38-x86_64-linux-gnu.so)
(No debugging symbols found in /usr/lib/python3/dist-packages/sage/libs/ntl/ntl_mat_ZZ.cpython-38-x86_64-linux-gnu.so)
(No debugging symbols found in /usr/lib/python3/dist-packages/sage/libs/ntl/ntl_GF2.cpython-38-x86_64-linux-gnu.so)
(No debugging symbols found in /usr/lib/python3/dist-packages/sage/libs/ntl/ntl_GF2X.cpython-38-x86_64-linux-gnu.so)
(No debugging symbols found in /usr/lib/python3/dist-packages/sage/libs/ntl/ntl_GF2EContext.cpython-38-x86_64-linux-gnu.so)
(No debugging symbols found in /usr/lib/python3/dist-packages/sage/libs/ntl/ntl_GF2E.cpython-38-x86_64-linux-gnu.so)
(No debugging symbols found in /usr/lib/python3/dist-packages/sage/libs/ntl/ntl_GF2EX.cpython-38-x86_64-linux-gnu.so)
(No debugging symbols found in /usr/lib/python3/dist-packages/sage/libs/ntl/ntl_mat_GF2E.cpython-38-x86_64-linux-gnu.so)
(No debugging symbols found in /usr/lib/python3/dist-packages/sage/libs/ntl/ntl_mat_GF2.cpython-38-x86_64-linux-gnu.so)
(No debugging symbols found in /usr/lib/python3/dist-packages/sage/libs/symmetrica/symmetrica.cpython-38-x86_64-linux-gnu.so)
(No debugging symbols found in /lib/x86_64-linux-gnu/libsymmetrica.so.2)
(No debugging symbols found in /usr/lib/python3/dist-packages/sage/data_structures/bitset.cpython-38-x86_64-linux-gnu.so)
(No debugging symbols found in /usr/lib/python3/dist-packages/sage/structure/factory.cpython-38-x86_64-linux-gnu.so)
(No debugging symbols found in /usr/lib/python3/dist-packages/sage/rings/padics/padic_printing.cpython-38-x86_64-linux-gnu.so)
(No debugging symbols found in /usr/lib/python3/dist-packages/sage/rings/padics/pow_computer.cpython-38-x86_64-linux-gnu.so)
(No debugging symbols found in /usr/lib/python3/dist-packages/sage/rings/padics/local_generic_element.cpython-38-x86_64-linux-gnu.so)
(No debugging symbols found in /usr/lib/python3/dist-packages/sage/rings/padics/padic_generic_element.cpython-38-x86_64-linux-gnu.so)
(No debugging symbols found in /usr/lib/python3/dist-packages/sage/rings/padics/padic_capped_relative_element.cpython-38-x86_64-linux-gnu.so)
(No debugging symbols found in /usr/lib/python3/dist-packages/sage/rings/padics/common_conversion.cpython-38-x86_64-linux-gnu.so)
(No debugging symbols found in /usr/lib/python3/dist-packages/sage/rings/padics/padic_capped_absolute_element.cpython-38-x86_64-linux-gnu.so)
(No debugging symbols found in /usr/lib/python3/dist-packages/sage/rings/padics/padic_fixed_mod_element.cpython-38-x86_64-linux-gnu.so)
(No debugging symbols found in /usr/lib/python3/dist-packages/sage/rings/padics/padic_floating_point_element.cpython-38-x86_64-linux-gnu.so)
(No debugging symbols found in /usr/lib/python3/dist-packages/sage/rings/finite_rings/finite_field_base.cpython-38-x86_64-linux-gnu.so)
(No debugging symbols found in /usr/lib/python3/dist-packages/sage/rings/finite_rings/element_givaro.cpython-38-x86_64-linux-gnu.so)
(No debugging symbols found in /lib/x86_64-linux-gnu/libgivaro.so.9)
(No debugging symbols found in /lib/x86_64-linux-gnu/libgmpxx.so.4)
(No debugging symbols found in /usr/lib/python3/dist-packages/sage/rings/finite_rings/element_pari_ffelt.cpython-38-x86_64-linux-gnu.so)
(No debugging symbols found in /usr/lib/python3/dist-packages/sage/modules/free_module_element.cpython-38-x86_64-linux-gnu.so)
(No debugging symbols found in /usr/lib/python3/dist-packages/sage/misc/derivative.cpython-38-x86_64-linux-gnu.so)
(No debugging symbols found in /usr/lib/python3/dist-packages/sage/rings/polynomial/polynomial_element.cpython-38-x86_64-linux-gnu.so)
(No debugging symbols found in /usr/lib/python3/dist-packages/sage/misc/binary_tree.cpython-38-x86_64-linux-gnu.so)
(No debugging symbols found in /usr/lib/python3/dist-packages/sage/rings/polynomial/polynomial_compiled.cpython-38-x86_64-linux-gnu.so)
(No debugging symbols found in /usr/lib/python3/dist-packages/sage/rings/polynomial/polydict.cpython-38-x86_64-linux-gnu.so)
(No debugging symbols found in /usr/lib/python3/dist-packages/sage/cpython/wrapperdescr.cpython-38-x86_64-linux-gnu.so)
(No debugging symbols found in /usr/lib/python3/dist-packages/sage/rings/fraction_field_element.cpython-38-x86_64-linux-gnu.so)
(No debugging symbols found in /usr/lib/python3/dist-packages/sage/rings/function_field/element.cpython-38-x86_64-linux-gnu.so)
(No debugging symbols found in /usr/lib/python3/dist-packages/sage/rings/polynomial/polynomial_rational_flint.cpython-38-x86_64-linux-gnu.so)
(No debugging symbols found in /usr/lib/python3/dist-packages/sage/libs/flint/fmpz_poly.cpython-38-x86_64-linux-gnu.so)
(No debugging symbols found in /usr/lib/python3/dist-packages/sage/rings/polynomial/polynomial_integer_dense_flint.cpython-38-x86_64-linux-gnu.so)
(No debugging symbols found in /usr/lib/python3/dist-packages/sage/rings/polynomial/evaluation.cpython-38-x86_64-linux-gnu.so)
(No debugging symbols found in /usr/lib/python3/dist-packages/sage/rings/polynomial/polynomial_real_mpfr_dense.cpython-38-x86_64-linux-gnu.so)
(No debugging symbols found in /usr/lib/python3/dist-packages/sage/rings/polynomial/cyclotomic.cpython-38-x86_64-linux-gnu.so)
(No debugging symbols found in /usr/lib/python3/dist-packages/sage/rings/polynomial/multi_polynomial_ring_base.cpython-38-x86_64-linux-gnu.so)
(No debugging symbols found in /usr/lib/python3/dist-packages/sage/combinat/integer_lists/base.cpython-38-x86_64-linux-gnu.so)
(No debugging symbols found in /usr/lib/python3/dist-packages/sage/structure/list_clone.cpython-38-x86_64-linux-gnu.so)
(No debugging symbols found in /usr/lib/python3/dist-packages/sage/combinat/integer_lists/invlex.cpython-38-x86_64-linux-gnu.so)
(No debugging symbols found in /usr/lib/python3/dist-packages/sage/rings/semirings/tropical_semiring.cpython-38-x86_64-linux-gnu.so)
(No debugging symbols found in /usr/lib/python3/dist-packages/sage/rings/polynomial/multi_polynomial.cpython-38-x86_64-linux-gnu.so)
(No debugging symbols found in /usr/lib/python3/dist-packages/sage/rings/real_lazy.cpython-38-x86_64-linux-gnu.so)
(No debugging symbols found in /usr/lib/python3/dist-packages/sage/groups/group.cpython-38-x86_64-linux-gnu.so)
(No debugging symbols found in /usr/lib/python3/dist-packages/sage/rings/number_field/number_field_morphisms.cpython-38-x86_64-linux-gnu.so)
(No debugging symbols found in /usr/lib/python3/dist-packages/sage/rings/number_field/number_field_element.cpython-38-x86_64-linux-gnu.so)
(No debugging symbols found in /usr/lib/python3/dist-packages/sage/rings/number_field/number_field_element_quadratic.cpython-38-x86_64-linux-gnu.so)
(No debugging symbols found in /lib/x86_64-linux-gnu/libflint-arb.so.2)
(No debugging symbols found in /usr/lib/python3/dist-packages/sage/rings/real_arb.cpython-38-x86_64-linux-gnu.so)
(No debugging symbols found in /usr/lib/python3/dist-packages/sage/rings/complex_arb.cpython-38-x86_64-linux-gnu.so)
(No debugging symbols found in /usr/lib/python3/dist-packages/sage/rings/polynomial/polynomial_complex_arb.cpython-38-x86_64-linux-gnu.so)
(No debugging symbols found in /usr/lib/python3/dist-packages/sage/rings/finite_rings/residue_field.cpython-38-x86_64-linux-gnu.so)
(No debugging symbols found in /usr/lib/python3/dist-packages/sage/rings/padics/pow_computer_ext.cpython-38-x86_64-linux-gnu.so)
(No debugging symbols found in /usr/lib/python3/dist-packages/sage/rings/padics/pow_computer_flint.cpython-38-x86_64-linux-gnu.so)
(No debugging symbols found in /usr/lib/python3/dist-packages/sage/rings/padics/padic_ZZ_pX_FM_element.cpython-38-x86_64-linux-gnu.so)
(No debugging symbols found in /usr/lib/python3/dist-packages/sage/rings/padics/padic_ZZ_pX_element.cpython-38-x86_64-linux-gnu.so)
(No debugging symbols found in /usr/lib/python3/dist-packages/sage/rings/padics/padic_ext_element.cpython-38-x86_64-linux-gnu.so)
(No debugging symbols found in /usr/lib/python3/dist-packages/sage/rings/padics/padic_ZZ_pX_CR_element.cpython-38-x86_64-linux-gnu.so)
(No debugging symbols found in /usr/lib/python3/dist-packages/sage/rings/padics/padic_ZZ_pX_CA_element.cpython-38-x86_64-linux-gnu.so)
(No debugging symbols found in /usr/lib/python3/dist-packages/sage/rings/padics/qadic_flint_CR.cpython-38-x86_64-linux-gnu.so)
(No debugging symbols found in /usr/lib/python3/dist-packages/sage/rings/padics/qadic_flint_CA.cpython-38-x86_64-linux-gnu.so)
(No debugging symbols found in /usr/lib/python3/dist-packages/sage/rings/padics/qadic_flint_FM.cpython-38-x86_64-linux-gnu.so)
(No debugging symbols found in /usr/lib/python3/dist-packages/sage/rings/padics/qadic_flint_FP.cpython-38-x86_64-linux-gnu.so)
(No debugging symbols found in /usr/lib/python3/dist-packages/sage/rings/padics/relative_ramified_FM.cpython-38-x86_64-linux-gnu.so)
(No debugging symbols found in /usr/lib/python3/dist-packages/sage/rings/padics/pow_computer_relative.cpython-38-x86_64-linux-gnu.so)
(No debugging symbols found in /usr/lib/python3/dist-packages/sage/rings/padics/relative_ramified_FP.cpython-38-x86_64-linux-gnu.so)
(No debugging symbols found in /usr/lib/python3/dist-packages/sage/rings/padics/relative_ramified_CA.cpython-38-x86_64-linux-gnu.so)
(No debugging symbols found in /usr/lib/python3/dist-packages/sage/rings/padics/relative_ramified_CR.cpython-38-x86_64-linux-gnu.so)
(No debugging symbols found in /usr/lib/python3/dist-packages/sage/rings/polynomial/laurent_polynomial.cpython-38-x86_64-linux-gnu.so)
(No debugging symbols found in /usr/lib/python3/dist-packages/sage/rings/polynomial/multi_polynomial_libsingular.cpython-38-x86_64-linux-gnu.so)
(No debugging symbols found in /lib/x86_64-linux-gnu/libsingular-Singular-4.1.1.so)
(No debugging symbols found in /lib/x86_64-linux-gnu/libsingular-polys-4.1.1.so)
(No debugging symbols found in /lib/x86_64-linux-gnu/libsingular-factory-4.1.1.so)
(No debugging symbols found in /lib/x86_64-linux-gnu/libsingular-omalloc-4.1.1+0.9.6.so)
(No debugging symbols found in /lib/x86_64-linux-gnu/libsingular-resources-4.1.1.so)
(No debugging symbols found in /lib/x86_64-linux-gnu/libreadline.so.8)
(No debugging symbols found in /usr/lib/python3/dist-packages/sage/rings/finite_rings/element_ntl_gf2e.cpython-38-x86_64-linux-gnu.so)
(No debugging symbols found in /usr/lib/python3/dist-packages/sage/libs/singular/singular.cpython-38-x86_64-linux-gnu.so)
(No debugging symbols found in /usr/lib/x86_64-linux-gnu/singular/MOD/singmathic.so)
(No debugging symbols found in /usr/lib/python3/dist-packages/sage/libs/singular/polynomial.cpython-38-x86_64-linux-gnu.so)
(No debugging symbols found in /usr/lib/python3/dist-packages/sage/libs/singular/ring.cpython-38-x86_64-linux-gnu.so)
(No debugging symbols found in /usr/lib/x86_64-linux-gnu/singular/MOD/p_Procs_FieldIndep.so)
(No debugging symbols found in /usr/lib/python3/dist-packages/sage/rings/complex_mpc.cpython-38-x86_64-linux-gnu.so)
(No debugging symbols found in /usr/lib/python3/dist-packages/sage/rings/power_series_poly.cpython-38-x86_64-linux-gnu.so)
(No debugging symbols found in /usr/lib/python3/dist-packages/sage/rings/power_series_ring_element.cpython-38-x86_64-linux-gnu.so)
(No debugging symbols found in /usr/lib/python3/dist-packages/sage/rings/power_series_mpoly.cpython-38-x86_64-linux-gnu.so)
(No debugging symbols found in /usr/lib/python3/dist-packages/sage/rings/power_series_pari.cpython-38-x86_64-linux-gnu.so)
(No debugging symbols found in /usr/lib/python3/dist-packages/sage/rings/laurent_series_ring_element.cpython-38-x86_64-linux-gnu.so)
(No debugging symbols found in /usr/lib/python3/dist-packages/sage/rings/tate_algebra_element.cpython-38-x86_64-linux-gnu.so)
(No debugging symbols found in /usr/lib/python3/dist-packages/sage/rings/bernoulli_mod_p.cpython-38-x86_64-linux-gnu.so)
(No debugging symbols found in /usr/lib/python3/dist-packages/sage/rings/bernmm.cpython-38-x86_64-linux-gnu.so)
(No debugging symbols found in /usr/lib/python3/dist-packages/sage/matrix/args.cpython-38-x86_64-linux-gnu.so)
(No debugging symbols found in /usr/lib/python3/dist-packages/sage/matrix/matrix_generic_dense.cpython-38-x86_64-linux-gnu.so)
(No debugging symbols found in /usr/lib/python3/dist-packages/sage/matrix/matrix_dense.cpython-38-x86_64-linux-gnu.so)
(No debugging symbols found in /usr/lib/python3/dist-packages/sage/matrix/matrix2.cpython-38-x86_64-linux-gnu.so)
(No debugging symbols found in /usr/lib/python3/dist-packages/sage/matrix/matrix1.cpython-38-x86_64-linux-gnu.so)
(No debugging symbols found in /usr/lib/python3/dist-packages/sage/matrix/matrix0.cpython-38-x86_64-linux-gnu.so)
(No debugging symbols found in /usr/lib/python3/dist-packages/sage/matrix/matrix_generic_sparse.cpython-38-x86_64-linux-gnu.so)
(No debugging symbols found in /usr/lib/python3/dist-packages/sage/matrix/matrix_sparse.cpython-38-x86_64-linux-gnu.so)
(No debugging symbols found in /usr/lib/python3/dist-packages/sage/matrix/matrix_modn_sparse.cpython-38-x86_64-linux-gnu.so)
(No debugging symbols found in /lib/x86_64-linux-gnu/libblas.so.3)
(No debugging symbols found in /lib/x86_64-linux-gnu/libgomp.so.1)
(No debugging symbols found in /lib/x86_64-linux-gnu/libgfortran.so.5)
(No debugging symbols found in /lib/x86_64-linux-gnu/libquadmath.so.0)
(No debugging symbols found in /usr/lib/python3/dist-packages/sage/matrix/matrix_integer_sparse.cpython-38-x86_64-linux-gnu.so)
(No debugging symbols found in /usr/lib/python3/dist-packages/sage/modules/vector_integer_dense.cpython-38-x86_64-linux-gnu.so)
(No debugging symbols found in /usr/lib/python3/dist-packages/sage/matrix/matrix_integer_dense.cpython-38-x86_64-linux-gnu.so)
(No debugging symbols found in /lib/x86_64-linux-gnu/libiml.so.0)
(No debugging symbols found in /lib/x86_64-linux-gnu/libcblas.so.3)
(No debugging symbols found in /lib/x86_64-linux-gnu/libatlas.so.3)
(No debugging symbols found in /usr/lib/python3/dist-packages/sage/matrix/matrix_rational_dense.cpython-38-x86_64-linux-gnu.so)
(No debugging symbols found in /usr/lib/python3/dist-packages/sage/modules/vector_rational_dense.cpython-38-x86_64-linux-gnu.so)
(No debugging symbols found in /usr/lib/python3/dist-packages/sage/libs/pari/convert_flint.cpython-38-x86_64-linux-gnu.so)
(No debugging symbols found in /usr/lib/python3/dist-packages/sage/arith/multi_modular.cpython-38-x86_64-linux-gnu.so)
(No debugging symbols found in /usr/lib/python3/dist-packages/sage/matrix/matrix_modn_dense_float.cpython-38-x86_64-linux-gnu.so)
(No debugging symbols found in /usr/lib/python3/dist-packages/sage/modules/vector_modn_dense.cpython-38-x86_64-linux-gnu.so)
(No debugging symbols found in /usr/lib/python3/dist-packages/sage/matrix/matrix_modn_dense_double.cpython-38-x86_64-linux-gnu.so)
(No debugging symbols found in /usr/lib/python3/dist-packages/sage/matrix/matrix_mod2_dense.cpython-38-x86_64-linux-gnu.so)
(No debugging symbols found in /lib/x86_64-linux-gnu/libm4ri-0.0.20200125.so)
(No debugging symbols found in /lib/x86_64-linux-gnu/libgd.so.3)
(No debugging symbols found in /lib/x86_64-linux-gnu/libpng16.so.16)
(No debugging symbols found in /lib/x86_64-linux-gnu/libfontconfig.so.1)
(No debugging symbols found in /lib/x86_64-linux-gnu/libfreetype.so.6)
(No debugging symbols found in /lib/x86_64-linux-gnu/libXpm.so.4)
(No debugging symbols found in /lib/x86_64-linux-gnu/libX11.so.6)
(No debugging symbols found in /lib/x86_64-linux-gnu/libxcb.so.1)
(No debugging symbols found in /lib/x86_64-linux-gnu/libXau.so.6)
(No debugging symbols found in /lib/x86_64-linux-gnu/libXdmcp.so.6)
(No debugging symbols found in /lib/x86_64-linux-gnu/libbsd.so.0)
(No debugging symbols found in /usr/lib/python3/dist-packages/sage/modules/vector_mod2_dense.cpython-38-x86_64-linux-gnu.so)
(No debugging symbols found in /usr/lib/python3/dist-packages/sage/libs/linbox/linbox_flint_interface.cpython-38-x86_64-linux-gnu.so)
(No debugging symbols found in /usr/lib/python3/dist-packages/sage/modules/vector_integer_sparse.cpython-38-x86_64-linux-gnu.so)
(No debugging symbols found in /usr/lib/python3/dist-packages/sage/data_structures/binary_search.cpython-38-x86_64-linux-gnu.so)
(No debugging symbols found in /usr/lib/python3/dist-packages/sage/modules/vector_modn_sparse.cpython-38-x86_64-linux-gnu.so)
(No debugging symbols found in /usr/lib/python3/dist-packages/sage/matrix/matrix_gf2e_dense.cpython-38-x86_64-linux-gnu.so)
(No debugging symbols found in /lib/x86_64-linux-gnu/libm4rie-0.0.20200125.so)
(No debugging symbols found in /usr/lib/python3/dist-packages/sage/matrix/matrix_rational_sparse.cpython-38-x86_64-linux-gnu.so)
(No debugging symbols found in /usr/lib/python3/dist-packages/sage/modules/vector_rational_sparse.cpython-38-x86_64-linux-gnu.so)
(No debugging symbols found in /usr/lib/python3/dist-packages/sage/matrix/matrix_polynomial_dense.cpython-38-x86_64-linux-gnu.so)
(No debugging symbols found in /usr/lib/python3/dist-packages/sage/matrix/matrix_mpolynomial_dense.cpython-38-x86_64-linux-gnu.so)
(No debugging symbols found in /usr/lib/python3/dist-packages/sage/libs/singular/function.cpython-38-x86_64-linux-gnu.so)
(No debugging symbols found in /usr/lib/python3/dist-packages/sage/rings/polynomial/plural.cpython-38-x86_64-linux-gnu.so)
(No debugging symbols found in /usr/lib/python3/dist-packages/sage/rings/polynomial/multi_polynomial_ideal_libsingular.cpython-38-x86_64-linux-gnu.so)
(No debugging symbols found in /usr/lib/python3/dist-packages/sage/libs/singular/option.cpython-38-x86_64-linux-gnu.so)
(No debugging symbols found in /usr/lib/python3/dist-packages/sage/matrix/constructor.cpython-38-x86_64-linux-gnu.so)
(No debugging symbols found in /usr/lib/python3/dist-packages/sage/libs/pynac/pynac.cpython-38-x86_64-linux-gnu.so)
(No debugging symbols found in /lib/x86_64-linux-gnu/libpynac.so.18)
(No debugging symbols found in /lib/x86_64-linux-gnu/libpython3.8.so.1.0)
(No debugging symbols found in /usr/lib/python3/dist-packages/sage/symbolic/expression.cpython-38-x86_64-linux-gnu.so)
(No debugging symbols found in /usr/lib/python3/dist-packages/sage/symbolic/getitem.cpython-38-x86_64-linux-gnu.so)
(No debugging symbols found in /usr/lib/python3/dist-packages/sage/symbolic/series.cpython-38-x86_64-linux-gnu.so)
(No debugging symbols found in /usr/lib/python3/dist-packages/sage/symbolic/ring.cpython-38-x86_64-linux-gnu.so)
(No debugging symbols found in /usr/lib/python3.8/lib-dynload/parser.cpython-38-x86_64-linux-gnu.so)
(No debugging symbols found in /usr/lib/python3/dist-packages/sage/symbolic/comparison.cpython-38-x86_64-linux-gnu.so)
(No debugging symbols found in /usr/lib/python3/dist-packages/sage/symbolic/function.cpython-38-x86_64-linux-gnu.so)
(No debugging symbols found in /usr/lib/python3/dist-packages/sage/ext/fast_eval.cpython-38-x86_64-linux-gnu.so)
(No debugging symbols found in /usr/lib/python3/dist-packages/sage/ext/fast_callable.cpython-38-x86_64-linux-gnu.so)
(No debugging symbols found in /usr/lib/python3/dist-packages/sage/symbolic/substitution_map.cpython-38-x86_64-linux-gnu.so)
(No debugging symbols found in /usr/lib/python3/dist-packages/sage/libs/pynac/constant.cpython-38-x86_64-linux-gnu.so)
(No debugging symbols found in /usr/lib/python3/dist-packages/sage/rings/polynomial/refine_root.cpython-38-x86_64-linux-gnu.so)
(No debugging symbols found in /usr/lib/python3/dist-packages/sage/rings/polynomial/pbori.cpython-38-x86_64-linux-gnu.so)
(No debugging symbols found in /lib/x86_64-linux-gnu/libbrial.so.3)
(No debugging symbols found in /lib/x86_64-linux-gnu/libbrial_groebner.so.3)
(No debugging symbols found in /usr/lib/python3/dist-packages/sage/rings/polynomial/polynomial_ring_homomorphism.cpython-38-x86_64-linux-gnu.so)
(No debugging symbols found in /usr/lib/python3/dist-packages/sage/libs/pari/convert_sage.cpython-38-x86_64-linux-gnu.so)
(No debugging symbols found in /usr/lib/python3/dist-packages/sage/symbolic/constants_c.cpython-38-x86_64-linux-gnu.so)
(No debugging symbols found in /usr/lib/python3/dist-packages/sage/combinat/combinat_cython.cpython-38-x86_64-linux-gnu.so)
(No debugging symbols found in /usr/lib/python3/dist-packages/sage/modules/with_basis/indexed_element.cpython-38-x86_64-linux-gnu.so)
(No debugging symbols found in /usr/lib/python3/dist-packages/sage/data_structures/blas_dict.cpython-38-x86_64-linux-gnu.so)
(No debugging symbols found in /usr/lib/python3/dist-packages/sage/misc/callable_dict.cpython-38-x86_64-linux-gnu.so)
(No debugging symbols found in /usr/lib/python3/dist-packages/sage/sets/recursively_enumerated_set.cpython-38-x86_64-linux-gnu.so)
(No debugging symbols found in /usr/lib/python3/dist-packages/sage/misc/lazy_list.cpython-38-x86_64-linux-gnu.so)
(No debugging symbols found in /usr/lib/python3/dist-packages/sage/combinat/words/word_char.cpython-38-x86_64-linux-gnu.so)
(No debugging symbols found in /usr/lib/python3/dist-packages/sage/combinat/words/word_datatypes.cpython-38-x86_64-linux-gnu.so)
(No debugging symbols found in /usr/lib/python3/dist-packages/sage/algebras/quatalg/quaternion_algebra_element.cpython-38-x86_64-linux-gnu.so)
(No debugging symbols found in /usr/lib/python3/dist-packages/sage/algebras/quatalg/quaternion_algebra_cython.cpython-38-x86_64-linux-gnu.so)
(No debugging symbols found in /usr/lib/python3/dist-packages/sage/modular/modsym/p1list.cpython-38-x86_64-linux-gnu.so)
(No debugging symbols found in /usr/lib/python3/dist-packages/sage/misc/search.cpython-38-x86_64-linux-gnu.so)
(No debugging symbols found in /usr/lib/python3/dist-packages/sage/algebras/finite_dimensional_algebras/finite_dimensional_algebra_element.cpython-38-x86_64-linux-gnu.so)
(No debugging symbols found in /usr/lib/python3/dist-packages/sage/quadratic_forms/quadratic_form__evaluate.cpython-38-x86_64-linux-gnu.so)
(No debugging symbols found in /usr/lib/python3/dist-packages/sage/functions/prime_pi.cpython-38-x86_64-linux-gnu.so)
(No debugging symbols found in /usr/lib/python3/dist-packages/sage/quadratic_forms/count_local_2.cpython-38-x86_64-linux-gnu.so)
(No debugging symbols found in /usr/lib/python3/dist-packages/sage/algebras/lie_algebras/lie_algebra_element.cpython-38-x86_64-linux-gnu.so)
(No debugging symbols found in /usr/lib/python3/dist-packages/sage/groups/old.cpython-38-x86_64-linux-gnu.so)
(No debugging symbols found in /usr/lib/python3/dist-packages/sage/modular/arithgroup/arithgroup_element.cpython-38-x86_64-linux-gnu.so)
(No debugging symbols found in /usr/lib/python3/dist-packages/sage/groups/libgap_wrapper.cpython-38-x86_64-linux-gnu.so)
(No debugging symbols found in /usr/lib/python3/dist-packages/sage/libs/gap/element.cpython-38-x86_64-linux-gnu.so)
(No debugging symbols found in /usr/lib/x86_64-linux-gnu/gap/libgap.so.0)
(No debugging symbols found in /usr/lib/python3/dist-packages/sage/libs/gap/util.cpython-38-x86_64-linux-gnu.so)
(No debugging symbols found in /usr/lib/python3/dist-packages/sage/libs/gap/libgap.cpython-38-x86_64-linux-gnu.so)
(No debugging symbols found in /usr/lib/python3/dist-packages/sage/groups/perm_gps/permgroup_element.cpython-38-x86_64-linux-gnu.so)
(No debugging symbols found in /usr/lib/python3/dist-packages/sage/plot/plot3d/shapes.cpython-38-x86_64-linux-gnu.so)
(No debugging symbols found in /usr/lib/python3/dist-packages/sage/plot/plot3d/parametric_surface.cpython-38-x86_64-linux-gnu.so)
(No debugging symbols found in /usr/lib/python3/dist-packages/sage/plot/plot3d/index_face_set.cpython-38-x86_64-linux-gnu.so)
(No debugging symbols found in /usr/lib/python3/dist-packages/sage/plot/plot3d/base.cpython-38-x86_64-linux-gnu.so)
(No debugging symbols found in /usr/lib/python3/dist-packages/sage/plot/plot3d/transform.cpython-38-x86_64-linux-gnu.so)
(No debugging symbols found in /usr/lib/python3/dist-packages/sage/ext/interpreters/wrapper_rdf.cpython-38-x86_64-linux-gnu.so)
(No debugging symbols found in /usr/lib/python3/dist-packages/sage/graphs/generic_graph_pyx.cpython-38-x86_64-linux-gnu.so)
(No debugging symbols found in /usr/lib/python3/dist-packages/sage/graphs/base/graph_backends.cpython-38-x86_64-linux-gnu.so)
(No debugging symbols found in /usr/lib/python3/dist-packages/sage/graphs/base/c_graph.cpython-38-x86_64-linux-gnu.so)
(No debugging symbols found in /usr/lib/python3/dist-packages/sage/graphs/base/dense_graph.cpython-38-x86_64-linux-gnu.so)
(No debugging symbols found in /usr/lib/python3/dist-packages/sage/ext/memory_allocator.cpython-38-x86_64-linux-gnu.so)
(No debugging symbols found in /usr/lib/python3/dist-packages/sage/graphs/base/static_sparse_graph.cpython-38-x86_64-linux-gnu.so)
(No debugging symbols found in /usr/lib/python3/dist-packages/sage/graphs/base/static_sparse_backend.cpython-38-x86_64-linux-gnu.so)
(No debugging symbols found in /usr/lib/python3/dist-packages/sage/graphs/views.cpython-38-x86_64-linux-gnu.so)
(No debugging symbols found in /usr/lib/python3/dist-packages/sage/graphs/distances_all_pairs.cpython-38-x86_64-linux-gnu.so)
(No debugging symbols found in /usr/lib/python3/dist-packages/sage/graphs/base/boost_graph.cpython-38-x86_64-linux-gnu.so)
(No debugging symbols found in /usr/lib/python3/dist-packages/sage/graphs/line_graph.cpython-38-x86_64-linux-gnu.so)
(No debugging symbols found in /usr/lib/python3/dist-packages/sage/graphs/connectivity.cpython-38-x86_64-linux-gnu.so)
(No debugging symbols found in /usr/lib/python3/dist-packages/sage/graphs/base/static_dense_graph.cpython-38-x86_64-linux-gnu.so)
(No debugging symbols found in /usr/lib/python3/dist-packages/sage/graphs/path_enumeration.cpython-38-x86_64-linux-gnu.so)
(No debugging symbols found in /usr/lib/python3/dist-packages/sage/graphs/traversals.cpython-38-x86_64-linux-gnu.so)
(No debugging symbols found in /usr/lib/python3/dist-packages/sage/graphs/comparability.cpython-38-x86_64-linux-gnu.so)
(No debugging symbols found in /usr/lib/python3/dist-packages/sage/combinat/permutation_cython.cpython-38-x86_64-linux-gnu.so)
(No debugging symbols found in /usr/lib/python3/dist-packages/sage/groups/matrix_gps/group_element.cpython-38-x86_64-linux-gnu.so)
(No debugging symbols found in /usr/lib/python3/dist-packages/sage/modular/arithgroup/congroup.cpython-38-x86_64-linux-gnu.so)
(No debugging symbols found in /usr/lib/python3/dist-packages/sage/modular/arithgroup/farey_symbol.cpython-38-x86_64-linux-gnu.so)
(No debugging symbols found in /usr/lib/python3/dist-packages/sage/modular/modsym/heilbronn.cpython-38-x86_64-linux-gnu.so)
(No debugging symbols found in /usr/lib/python3/dist-packages/sage/modular/modsym/apply.cpython-38-x86_64-linux-gnu.so)
(No debugging symbols found in /usr/lib/python3/dist-packages/sage/matrix/matrix_cyclo_dense.cpython-38-x86_64-linux-gnu.so)
(No debugging symbols found in /usr/lib/python3/dist-packages/sage/matrix/misc.cpython-38-x86_64-linux-gnu.so)
(No debugging symbols found in /usr/lib/python3/dist-packages/sage/modular/modform/eis_series_cython.cpython-38-x86_64-linux-gnu.so)
(No debugging symbols found in /usr/lib/python3/dist-packages/sage/quadratic_forms/ternary.cpython-38-x86_64-linux-gnu.so)
(No debugging symbols found in /usr/lib/python3/dist-packages/sage/graphs/independent_sets.cpython-38-x86_64-linux-gnu.so)
(No debugging symbols found in /usr/lib/python3/dist-packages/sage/graphs/weakly_chordal.cpython-38-x86_64-linux-gnu.so)
(No debugging symbols found in /usr/lib/python3/dist-packages/sage/graphs/asteroidal_triples.cpython-38-x86_64-linux-gnu.so)
(No debugging symbols found in /usr/lib/python3/dist-packages/sage/graphs/chrompoly.cpython-38-x86_64-linux-gnu.so)
(No debugging symbols found in /usr/lib/python3/dist-packages/sage/graphs/graph_decompositions/vertex_separation.cpython-38-x86_64-linux-gnu.so)
(No debugging symbols found in /usr/lib/python3/dist-packages/sage/graphs/graph_decompositions/fast_digraph.cpython-38-x86_64-linux-gnu.so)
(No debugging symbols found in /usr/lib/python3/dist-packages/sage/graphs/graph_decompositions/rankwidth.cpython-38-x86_64-linux-gnu.so)
(No debugging symbols found in /lib/x86_64-linux-gnu/librw.so.0)
(No debugging symbols found in /usr/lib/python3/dist-packages/sage/graphs/graph_decompositions/bandwidth.cpython-38-x86_64-linux-gnu.so)
(No debugging symbols found in /usr/lib/python3/dist-packages/sage/graphs/graph_decompositions/cutwidth.cpython-38-x86_64-linux-gnu.so)
(No debugging symbols found in /usr/lib/python3/dist-packages/sage/graphs/matchpoly.cpython-38-x86_64-linux-gnu.so)
(No debugging symbols found in /usr/lib/python3/dist-packages/sage/graphs/cliquer.cpython-38-x86_64-linux-gnu.so)
(No debugging symbols found in /lib/libcliquer.so.1)
(No debugging symbols found in /usr/lib/python3/dist-packages/sage/graphs/spanning_tree.cpython-38-x86_64-linux-gnu.so)
(No debugging symbols found in /usr/lib/python3/dist-packages/sage/groups/perm_gps/partn_ref2/refinement_generic.cpython-38-x86_64-linux-gnu.so)
(No debugging symbols found in /usr/lib/python3/dist-packages/sage/groups/perm_gps/partn_ref/data_structures.cpython-38-x86_64-linux-gnu.so)
(No debugging symbols found in /usr/lib/python3/dist-packages/sage/sets/disjoint_set.cpython-38-x86_64-linux-gnu.so)
(No debugging symbols found in /usr/lib/python3/dist-packages/sage/graphs/graph_decompositions/graph_products.cpython-38-x86_64-linux-gnu.so)
(No debugging symbols found in /usr/lib/python3/dist-packages/sage/modular/pollack_stevens/dist.cpython-38-x86_64-linux-gnu.so)
(No debugging symbols found in /usr/lib/python3/dist-packages/sage/schemes/hyperelliptic_curves/hypellfrob.cpython-38-x86_64-linux-gnu.so)
(No debugging symbols found in /lib/x86_64-linux-gnu/libzn_poly-0.9.so)
(No debugging symbols found in /usr/lib/python3/dist-packages/sage/rings/factorint.cpython-38-x86_64-linux-gnu.so)
(No debugging symbols found in /usr/lib/python3/dist-packages/sage/geometry/point_collection.cpython-38-x86_64-linux-gnu.so)
(No debugging symbols found in /usr/lib/python3/dist-packages/sage/geometry/toric_lattice_element.cpython-38-x86_64-linux-gnu.so)
(No debugging symbols found in /usr/lib/python3/dist-packages/ppl/linear_algebra.cpython-38-x86_64-linux-gnu.so)
(No debugging symbols found in /lib/x86_64-linux-gnu/libppl.so.14)
(No debugging symbols found in /usr/lib/python3/dist-packages/ppl/constraint.cpython-38-x86_64-linux-gnu.so)
(No debugging symbols found in /usr/lib/python3/dist-packages/ppl/mip_problem.cpython-38-x86_64-linux-gnu.so)
(No debugging symbols found in /usr/lib/python3/dist-packages/ppl/generator.cpython-38-x86_64-linux-gnu.so)
(No debugging symbols found in /usr/lib/python3/dist-packages/ppl/polyhedron.cpython-38-x86_64-linux-gnu.so)
(No debugging symbols found in /usr/lib/python3/dist-packages/ppl/bit_arrays.cpython-38-x86_64-linux-gnu.so)
(No debugging symbols found in /usr/lib/python3/dist-packages/sage/geometry/integral_points.cpython-38-x86_64-linux-gnu.so)
(No debugging symbols found in /usr/lib/python3/dist-packages/sage/numerical/mip.cpython-38-x86_64-linux-gnu.so)
(No debugging symbols found in /usr/lib/python3/dist-packages/sage/numerical/backends/generic_backend.cpython-38-x86_64-linux-gnu.so)
(No debugging symbols found in /usr/lib/python3/dist-packages/sage/geometry/triangulation/base.cpython-38-x86_64-linux-gnu.so)
(No debugging symbols found in /usr/lib/python3/dist-packages/sage/sets/finite_set_map_cy.cpython-38-x86_64-linux-gnu.so)
(No debugging symbols found in /usr/lib/python3/dist-packages/sage/probability/probability_distribution.cpython-38-x86_64-linux-gnu.so)
(No debugging symbols found in /usr/lib/python3/dist-packages/sage/calculus/integration.cpython-38-x86_64-linux-gnu.so)
(No debugging symbols found in /usr/lib/python3/dist-packages/sage/calculus/interpolation.cpython-38-x86_64-linux-gnu.so)
(No debugging symbols found in /usr/lib/python3/dist-packages/sage/calculus/ode.cpython-38-x86_64-linux-gnu.so)
(No debugging symbols found in /usr/lib/python3/dist-packages/sage/calculus/var.cpython-38-x86_64-linux-gnu.so)
(No debugging symbols found in /usr/lib/python3/dist-packages/sage/calculus/transforms/fft.cpython-38-x86_64-linux-gnu.so)
(No debugging symbols found in /usr/lib/python3/dist-packages/sage/calculus/transforms/dwt.cpython-38-x86_64-linux-gnu.so)
(No debugging symbols found in /usr/lib/python3/dist-packages/sage/libs/gsl/array.cpython-38-x86_64-linux-gnu.so)
(No debugging symbols found in /usr/lib/python3/dist-packages/sage/cpython/debug.cpython-38-x86_64-linux-gnu.so)
(No debugging symbols found in /usr/lib/python3/dist-packages/sage/crypto/boolean_function.cpython-38-x86_64-linux-gnu.so)
(No debugging symbols found in /usr/lib/python3/dist-packages/sage/combinat/expnums.cpython-38-x86_64-linux-gnu.so)
(No debugging symbols found in /usr/lib/python3/dist-packages/sage/combinat/debruijn_sequence.cpython-38-x86_64-linux-gnu.so)
(No debugging symbols found in /usr/lib/python3/dist-packages/sage/combinat/partitions.cpython-38-x86_64-linux-gnu.so)
(No debugging symbols found in /usr/lib/python3/dist-packages/sage/combinat/root_system/reflection_group_element.cpython-38-x86_64-linux-gnu.so)
(No debugging symbols found in /usr/lib/python3/dist-packages/sage/combinat/root_system/reflection_group_c.cpython-38-x86_64-linux-gnu.so)
(No debugging symbols found in /usr/lib/python3/dist-packages/sage/libs/lrcalc/lrcalc.cpython-38-x86_64-linux-gnu.so)
(No debugging symbols found in /lib/x86_64-linux-gnu/liblrcalc.so.1)
(No debugging symbols found in /usr/lib/python3/dist-packages/sage/combinat/enumeration_mod_permgroup.cpython-38-x86_64-linux-gnu.so)
(No debugging symbols found in /usr/lib/python3/dist-packages/cysignals/alarm.cpython-38-x86_64-linux-gnu.so)
(No debugging symbols found in /usr/lib/python3/dist-packages/sage/dynamics/arithmetic_dynamics/projective_ds_helper.cpython-38-x86_64-linux-gnu.so)
(No debugging symbols found in /usr/lib/python3.8/lib-dynload/audioop.cpython-38-x86_64-linux-gnu.so)
(No debugging symbols found in /home/yorgos/.local/lib/python3.8/site-packages/scipy/_lib/_ccallback_c.cpython-38-x86_64-linux-gnu.so)
(No debugging symbols found in /home/yorgos/.local/lib/python3.8/site-packages/scipy/sparse/_sparsetools.cpython-38-x86_64-linux-gnu.so)
(No debugging symbols found in /home/yorgos/.local/lib/python3.8/site-packages/scipy/sparse/_csparsetools.cpython-38-x86_64-linux-gnu.so)
(No debugging symbols found in /home/yorgos/.local/lib/python3.8/site-packages/scipy/sparse/csgraph/_shortest_path.cpython-38-x86_64-linux-gnu.so)
(No debugging symbols found in /home/yorgos/.local/lib/python3.8/site-packages/scipy/sparse/csgraph/_tools.cpython-38-x86_64-linux-gnu.so)
(No debugging symbols found in /home/yorgos/.local/lib/python3.8/site-packages/scipy/sparse/csgraph/_traversal.cpython-38-x86_64-linux-gnu.so)
(No debugging symbols found in /home/yorgos/.local/lib/python3.8/site-packages/scipy/sparse/csgraph/_min_spanning_tree.cpython-38-x86_64-linux-gnu.so)
(No debugging symbols found in /home/yorgos/.local/lib/python3.8/site-packages/scipy/sparse/csgraph/_flow.cpython-38-x86_64-linux-gnu.so)
(No debugging symbols found in /home/yorgos/.local/lib/python3.8/site-packages/scipy/sparse/csgraph/_matching.cpython-38-x86_64-linux-gnu.so)
(No debugging symbols found in /home/yorgos/.local/lib/python3.8/site-packages/scipy/sparse/csgraph/_reordering.cpython-38-x86_64-linux-gnu.so)
(No debugging symbols found in /home/yorgos/.local/lib/python3.8/site-packages/scipy/sparse/linalg/isolve/../../../../scipy.libs/libopenblasp-r0-8b9e111f.3.17.so)
(No debugging symbols found in .gnu_debugdata for /home/yorgos/.local/lib/python3.8/site-packages/scipy/sparse/linalg/isolve/../../../../scipy.libs/libgfortran-040039e1.so.5.0.0)
(No debugging symbols found in /home/yorgos/.local/lib/python3.8/site-packages/scipy/sparse/linalg/isolve/../../../../scipy.libs/libquadmath-96973f99.so.0.0.0)
(No debugging symbols found in /home/yorgos/.local/lib/python3.8/site-packages/scipy/linalg/_solve_toeplitz.cpython-38-x86_64-linux-gnu.so)
(No debugging symbols found in /home/yorgos/.local/lib/python3.8/site-packages/scipy/linalg/_matfuncs_sqrtm_triu.cpython-38-x86_64-linux-gnu.so)
(No debugging symbols found in /home/yorgos/.local/lib/python3.8/site-packages/scipy/linalg/_decomp_update.cpython-38-x86_64-linux-gnu.so)
(No debugging symbols found in /home/yorgos/.local/lib/python3.8/site-packages/scipy/sparse/linalg/dsolve/_superlu.cpython-38-x86_64-linux-gnu.so)
(No debugging symbols found in /home/yorgos/.local/lib/python3.8/site-packages/scipy/special/_ufuncs_cxx.cpython-38-x86_64-linux-gnu.so)
(No debugging symbols found in /home/yorgos/.local/lib/python3.8/site-packages/scipy/special/_comb.cpython-38-x86_64-linux-gnu.so)
(No debugging symbols found in /home/yorgos/.local/lib/python3.8/site-packages/scipy/special/_ellip_harm_2.cpython-38-x86_64-linux-gnu.so)
(No debugging symbols found in /home/yorgos/.local/lib/python3.8/site-packages/scipy/interpolate/_bspl.cpython-38-x86_64-linux-gnu.so)
(No debugging symbols found in /home/yorgos/.local/lib/python3.8/site-packages/scipy/interpolate/_ppoly.cpython-38-x86_64-linux-gnu.so)
(No debugging symbols found in /home/yorgos/.local/lib/python3.8/site-packages/scipy/interpolate/interpnd.cpython-38-x86_64-linux-gnu.so)
(No debugging symbols found in /home/yorgos/.local/lib/python3.8/site-packages/scipy/spatial/ckdtree.cpython-38-x86_64-linux-gnu.so)
(No debugging symbols found in /home/yorgos/.local/lib/python3.8/site-packages/scipy/spatial/qhull.cpython-38-x86_64-linux-gnu.so)
(No debugging symbols found in /home/yorgos/.local/lib/python3.8/site-packages/scipy/_lib/messagestream.cpython-38-x86_64-linux-gnu.so)
(No debugging symbols found in /home/yorgos/.local/lib/python3.8/site-packages/scipy/spatial/_voronoi.cpython-38-x86_64-linux-gnu.so)
(No debugging symbols found in /home/yorgos/.local/lib/python3.8/site-packages/scipy/spatial/_distance_wrap.cpython-38-x86_64-linux-gnu.so)
(No debugging symbols found in /home/yorgos/.local/lib/python3.8/site-packages/scipy/spatial/_hausdorff.cpython-38-x86_64-linux-gnu.so)
(No debugging symbols found in /home/yorgos/.local/lib/python3.8/site-packages/scipy/spatial/_distance_pybind.cpython-38-x86_64-linux-gnu.so)
(No debugging symbols found in /home/yorgos/.local/lib/python3.8/site-packages/scipy/spatial/transform/rotation.cpython-38-x86_64-linux-gnu.so)
(No debugging symbols found in /home/yorgos/.local/lib/python3.8/site-packages/scipy/interpolate/_rbfinterp_pythran.cpython-38-x86_64-linux-gnu.so)
(No debugging symbols found in /home/yorgos/.local/lib/python3.8/site-packages/scipy/_lib/_uarray/_uarray.cpython-38-x86_64-linux-gnu.so)
(No debugging symbols found in /home/yorgos/.local/lib/python3.8/site-packages/scipy/fft/_pocketfft/pypocketfft.cpython-38-x86_64-linux-gnu.so)
(No debugging symbols found in /home/yorgos/.local/lib/python3.8/site-packages/scipy/fftpack/convolve.cpython-38-x86_64-linux-gnu.so)
(No debugging symbols found in /home/yorgos/.local/lib/python3.8/site-packages/scipy/optimize/_group_columns.cpython-38-x86_64-linux-gnu.so)
(No debugging symbols found in /home/yorgos/.local/lib/python3.8/site-packages/scipy/optimize/_trlib/_trlib.cpython-38-x86_64-linux-gnu.so)
(No debugging symbols found in /home/yorgos/.local/lib/python3.8/site-packages/scipy/optimize/moduleTNC.cpython-38-x86_64-linux-gnu.so)
(No debugging symbols found in /home/yorgos/.local/lib/python3.8/site-packages/scipy/optimize/_lsq/givens_elimination.cpython-38-x86_64-linux-gnu.so)
(No debugging symbols found in /home/yorgos/.local/lib/python3.8/site-packages/scipy/optimize/_zeros.cpython-38-x86_64-linux-gnu.so)
(No debugging symbols found in /home/yorgos/.local/lib/python3.8/site-packages/scipy/optimize/_highs/_highs_wrapper.cpython-38-x86_64-linux-gnu.so)
(No debugging symbols found in /home/yorgos/.local/lib/python3.8/site-packages/scipy/optimize/_highs/_highs_constants.cpython-38-x86_64-linux-gnu.so)
(No debugging symbols found in /home/yorgos/.local/lib/python3.8/site-packages/scipy/optimize/_bglu_dense.cpython-38-x86_64-linux-gnu.so)
(No debugging symbols found in /home/yorgos/.local/lib/python3.8/site-packages/scipy/optimize/_lsap_module.cpython-38-x86_64-linux-gnu.so)
(No debugging symbols found in /home/yorgos/.local/lib/python3.8/site-packages/scipy/ndimage/_nd_image.cpython-38-x86_64-linux-gnu.so)
(No debugging symbols found in /home/yorgos/.local/lib/python3.8/site-packages/scipy/ndimage/_ni_label.cpython-38-x86_64-linux-gnu.so)
(No debugging symbols found in /home/yorgos/.local/lib/python3.8/site-packages/scipy/stats/_stats.cpython-38-x86_64-linux-gnu.so)
(No debugging symbols found in /home/yorgos/.local/lib/python3.8/site-packages/scipy/stats/_boost/beta_ufunc.cpython-38-x86_64-linux-gnu.so)
(No debugging symbols found in /home/yorgos/.local/lib/python3.8/site-packages/scipy/stats/_boost/binom_ufunc.cpython-38-x86_64-linux-gnu.so)
(No debugging symbols found in /home/yorgos/.local/lib/python3.8/site-packages/scipy/stats/_boost/nbinom_ufunc.cpython-38-x86_64-linux-gnu.so)
(No debugging symbols found in /home/yorgos/.local/lib/python3.8/site-packages/scipy/stats/biasedurn.cpython-38-x86_64-linux-gnu.so)
(No debugging symbols found in /home/yorgos/.local/lib/python3.8/site-packages/scipy/stats/_sobol.cpython-38-x86_64-linux-gnu.so)
(No debugging symbols found in /home/yorgos/.local/lib/python3.8/site-packages/scipy/stats/_qmc_cy.cpython-38-x86_64-linux-gnu.so)
(No debugging symbols found in /home/yorgos/.local/lib/python3.8/site-packages/pandas/_libs/interval.cpython-38-x86_64-linux-gnu.so)
(No debugging symbols found in /home/yorgos/.local/lib/python3.8/site-packages/pandas/_libs/hashtable.cpython-38-x86_64-linux-gnu.so)
(No debugging symbols found in /home/yorgos/.local/lib/python3.8/site-packages/pandas/_libs/missing.cpython-38-x86_64-linux-gnu.so)
(No debugging symbols found in /home/yorgos/.local/lib/python3.8/site-packages/pandas/_libs/tslibs/dtypes.cpython-38-x86_64-linux-gnu.so)
(No debugging symbols found in /home/yorgos/.local/lib/python3.8/site-packages/pandas/_libs/tslibs/conversion.cpython-38-x86_64-linux-gnu.so)
(No debugging symbols found in /home/yorgos/.local/lib/python3.8/site-packages/pandas/_libs/tslibs/base.cpython-38-x86_64-linux-gnu.so)
(No debugging symbols found in /home/yorgos/.local/lib/python3.8/site-packages/pandas/_libs/tslibs/nattype.cpython-38-x86_64-linux-gnu.so)
(No debugging symbols found in /home/yorgos/.local/lib/python3.8/site-packages/pandas/_libs/tslibs/np_datetime.cpython-38-x86_64-linux-gnu.so)
(No debugging symbols found in /home/yorgos/.local/lib/python3.8/site-packages/pandas/_libs/tslibs/timezones.cpython-38-x86_64-linux-gnu.so)
(No debugging symbols found in /home/yorgos/.local/lib/python3.8/site-packages/pandas/_libs/tslibs/tzconversion.cpython-38-x86_64-linux-gnu.so)
(No debugging symbols found in /home/yorgos/.local/lib/python3.8/site-packages/pandas/_libs/tslibs/ccalendar.cpython-38-x86_64-linux-gnu.so)
(No debugging symbols found in /home/yorgos/.local/lib/python3.8/site-packages/pandas/_libs/tslibs/parsing.cpython-38-x86_64-linux-gnu.so)
(No debugging symbols found in /home/yorgos/.local/lib/python3.8/site-packages/pandas/_libs/tslibs/offsets.cpython-38-x86_64-linux-gnu.so)
(No debugging symbols found in /home/yorgos/.local/lib/python3.8/site-packages/pandas/_libs/tslibs/timedeltas.cpython-38-x86_64-linux-gnu.so)
(No debugging symbols found in /home/yorgos/.local/lib/python3.8/site-packages/pandas/_libs/tslibs/fields.cpython-38-x86_64-linux-gnu.so)
(No debugging symbols found in /home/yorgos/.local/lib/python3.8/site-packages/pandas/_libs/tslibs/strptime.cpython-38-x86_64-linux-gnu.so)
(No debugging symbols found in /home/yorgos/.local/lib/python3.8/site-packages/pandas/_libs/tslibs/timestamps.cpython-38-x86_64-linux-gnu.so)
(No debugging symbols found in /home/yorgos/.local/lib/python3.8/site-packages/pandas/_libs/properties.cpython-38-x86_64-linux-gnu.so)
(No debugging symbols found in /home/yorgos/.local/lib/python3.8/site-packages/pandas/_libs/tslibs/period.cpython-38-x86_64-linux-gnu.so)
(No debugging symbols found in /home/yorgos/.local/lib/python3.8/site-packages/pandas/_libs/tslibs/vectorized.cpython-38-x86_64-linux-gnu.so)
(No debugging symbols found in /home/yorgos/.local/lib/python3.8/site-packages/pandas/_libs/ops_dispatch.cpython-38-x86_64-linux-gnu.so)
(No debugging symbols found in /home/yorgos/.local/lib/python3.8/site-packages/pandas/_libs/algos.cpython-38-x86_64-linux-gnu.so)
(No debugging symbols found in /home/yorgos/.local/lib/python3.8/site-packages/pandas/_libs/lib.cpython-38-x86_64-linux-gnu.so)
(No debugging symbols found in /home/yorgos/.local/lib/python3.8/site-packages/pandas/_libs/tslib.cpython-38-x86_64-linux-gnu.so)
(No debugging symbols found in /home/yorgos/.local/lib/python3.8/site-packages/pandas/_libs/hashing.cpython-38-x86_64-linux-gnu.so)
(No debugging symbols found in /home/yorgos/.local/lib/python3.8/site-packages/pandas/_libs/ops.cpython-38-x86_64-linux-gnu.so)
(No debugging symbols found in /home/yorgos/.local/lib/python3.8/site-packages/pandas/_libs/arrays.cpython-38-x86_64-linux-gnu.so)
(No debugging symbols found in /home/yorgos/.local/lib/python3.8/site-packages/pandas/_libs/index.cpython-38-x86_64-linux-gnu.so)
(No debugging symbols found in /home/yorgos/.local/lib/python3.8/site-packages/pandas/_libs/join.cpython-38-x86_64-linux-gnu.so)
(No debugging symbols found in /home/yorgos/.local/lib/python3.8/site-packages/pandas/_libs/sparse.cpython-38-x86_64-linux-gnu.so)
(No debugging symbols found in /home/yorgos/.local/lib/python3.8/site-packages/pandas/_libs/reduction.cpython-38-x86_64-linux-gnu.so)
(No debugging symbols found in /home/yorgos/.local/lib/python3.8/site-packages/pandas/_libs/indexing.cpython-38-x86_64-linux-gnu.so)
(No debugging symbols found in /home/yorgos/.local/lib/python3.8/site-packages/pandas/_libs/internals.cpython-38-x86_64-linux-gnu.so)
(No debugging symbols found in /home/yorgos/.local/lib/python3.8/site-packages/pandas/_libs/writers.cpython-38-x86_64-linux-gnu.so)
(No debugging symbols found in /usr/lib/python3.8/lib-dynload/mmap.cpython-38-x86_64-linux-gnu.so)
(No debugging symbols found in /home/yorgos/.local/lib/python3.8/site-packages/pandas/_libs/window/aggregations.cpython-38-x86_64-linux-gnu.so)
(No debugging symbols found in /home/yorgos/.local/lib/python3.8/site-packages/pandas/_libs/window/indexers.cpython-38-x86_64-linux-gnu.so)
(No debugging symbols found in /home/yorgos/.local/lib/python3.8/site-packages/pandas/_libs/reshape.cpython-38-x86_64-linux-gnu.so)
(No debugging symbols found in /home/yorgos/.local/lib/python3.8/site-packages/pandas/_libs/groupby.cpython-38-x86_64-linux-gnu.so)
(No debugging symbols found in /home/yorgos/.local/lib/python3.8/site-packages/pandas/_libs/testing.cpython-38-x86_64-linux-gnu.so)
(No debugging symbols found in /home/yorgos/.local/lib/python3.8/site-packages/pandas/_libs/parsers.cpython-38-x86_64-linux-gnu.so)
(No debugging symbols found in /home/yorgos/.local/lib/python3.8/site-packages/pandas/_libs/json.cpython-38-x86_64-linux-gnu.so)
(No debugging symbols found in /home/yorgos/.local/lib/python3.8/site-packages/scipy/cluster/_vq.cpython-38-x86_64-linux-gnu.so)
(No debugging symbols found in /home/yorgos/.local/lib/python3.8/site-packages/scipy/cluster/_hierarchy.cpython-38-x86_64-linux-gnu.so)
(No debugging symbols found in /home/yorgos/.local/lib/python3.8/site-packages/scipy/cluster/_optimal_leaf_ordering.cpython-38-x86_64-linux-gnu.so)
(No debugging symbols found in /usr/lib/python3.8/lib-dynload/_multiprocessing.cpython-38-x86_64-linux-gnu.so)
(No debugging symbols found in /usr/lib/python3/dist-packages/sage/libs/mpmath/ext_libmp.cpython-38-x86_64-linux-gnu.so)
(No debugging symbols found in /usr/lib/python3/dist-packages/sage/libs/mpmath/ext_impl.cpython-38-x86_64-linux-gnu.so)
(No debugging symbols found in /usr/lib/python3/dist-packages/sage/libs/mpmath/ext_main.cpython-38-x86_64-linux-gnu.so)
(No debugging symbols found in /usr/lib/python3/dist-packages/sage/matrix/matrix_symbolic_dense.cpython-38-x86_64-linux-gnu.so)
(No debugging symbols found in /usr/lib/python3/dist-packages/sage/modules/vector_real_double_dense.cpython-38-x86_64-linux-gnu.so)
(No debugging symbols found in /usr/lib/python3/dist-packages/sage/modules/vector_double_dense.cpython-38-x86_64-linux-gnu.so)
(No debugging symbols found in /usr/lib/python3/dist-packages/sage/modules/vector_complex_double_dense.cpython-38-x86_64-linux-gnu.so)
(No debugging symbols found in /usr/lib/python3/dist-packages/sage/libs/ecl.cpython-38-x86_64-linux-gnu.so)
(No debugging symbols found in /lib/x86_64-linux-gnu/libecl.so.16.1)
(No debugging symbols found in /lib/x86_64-linux-gnu/libgc.so.1)
(No debugging symbols found in /usr/lib/ecl/maxima.fas)
(No debugging symbols found in /usr/lib/x86_64-linux-gnu/ecl-16.1.3/sb-bsd-sockets.fas)
(No debugging symbols found in /usr/lib/x86_64-linux-gnu/ecl-16.1.3/sockets.fas)
(No debugging symbols found in /usr/lib/python3/dist-packages/sage/matrix/matrix_complex_double_dense.cpython-38-x86_64-linux-gnu.so)
(No debugging symbols found in /usr/lib/python3/dist-packages/sage/matrix/matrix_double_dense.cpython-38-x86_64-linux-gnu.so)
(No debugging symbols found in /usr/lib/python3/dist-packages/sage/matrix/matrix_real_double_dense.cpython-38-x86_64-linux-gnu.so)
(No debugging symbols found in /usr/lib/python3/dist-packages/sage/matrix/action.cpython-38-x86_64-linux-gnu.so)
(No debugging symbols found in /usr/lib/python3/dist-packages/sage/arith/numerical_approx.cpython-38-x86_64-linux-gnu.so)
0x00007fefcd8fdcaf in __GI___wait4 (pid=40849, stat_loc=0x0, options=0, 
    usage=0x0) at ../sysdeps/unix/sysv/linux/wait4.c:27

Stack backtrace
---------------
    usage=0x0) at ../sysdeps/unix/sysv/linux/wait4.c:27
        resultvar = 18446744073709551104
        sc_cancel_oldtype = 0
        sc_ret = <optimized out>
#1  0x00007fefc800d224 in ?? ()
   from /usr/lib/python3/dist-packages/cysignals/signals.cpython-38-x86_64-linux-gnu.so
No symbol table info available.
#2  0x00007fefc800d366 in ?? ()
   from /usr/lib/python3/dist-packages/cysignals/signals.cpython-38-x86_64-linux-gnu.so
No symbol table info available.
#3  0x00007fefc800fd5f in ?? ()
   from /usr/lib/python3/dist-packages/cysignals/signals.cpython-38-x86_64-linux-gnu.so
No symbol table info available.
#4  <signal handler called>
No locals.
#5  ft_mem_free (memory=0x20, P=0xda22d10)
    at /tmp/pip-req-build-rsaj_tlt/build/freetype-2.6.1/src/base/ftutil.c:172
No locals.
#6  0x00007fef87c2fe79 in FT2Font::FT2Font::~FT2Font (this=<optimized out>, 
    this=<optimized out>) at src/ft2font.cpp:361
        i = 0
        i = <optimized out>
#7  FT2Font::~FT2Font (this=0xd9c9ae0) at src/ft2font.cpp:367
No locals.
#8  0x00007fef87c36253 in PyFT2Font_dealloc (self=0x7fee16a2e9d0)
    at src/ft2font_wrapper.cpp:420
No locals.
#9  0x00000000005aefbb in ?? ()
No symbol table info available.
#10 0x00000000004b1a35 in _PyErr_WriteUnraisableMsg ()
No symbol table info available.
#11 0x00007fef87c3cf76 in FT_Stream_Close (stream=0x7fee16a2e9f8)
    at /tmp/pip-req-build-rsaj_tlt/build/freetype-2.6.1/src/base/ftstream.c:52
No locals.
#12 FT_Stream_Free (external=1, stream=0x7fee16a2e9f8)
    at /tmp/pip-req-build-rsaj_tlt/build/freetype-2.6.1/src/base/ftobjs.c:228
        memory = 0x2912a50
        memory = <optimized out>
#13 destroy_face (memory=0x2912a50, face=0xda2a420, driver=<optimized out>)
    at /tmp/pip-req-build-rsaj_tlt/build/freetype-2.6.1/src/base/ftobjs.c:949
        clazz = 0x7fef87ed8200 <tt_driver_class>
#14 0x00007fef87c3e5ad in FT_Done_Face (face=0xda2a420)
    at /tmp/pip-req-build-rsaj_tlt/build/freetype-2.6.1/src/base/ftobjs.c:2443
        error = 35
        driver = 0x229d930
        memory = 0x2912a50
        node = 0x0
#15 0x00007fef87c2fe9f in FT2Font::FT2Font::~FT2Font (this=<optimized out>, 
    this=<optimized out>) at src/ft2font.cpp:365
        i = <optimized out>
#16 FT2Font::~FT2Font (this=0xd9c9ae0) at src/ft2font.cpp:367
No locals.
#17 0x00007fef87c36253 in PyFT2Font_dealloc (self=0x7fee16a2e9d0)
    at src/ft2font_wrapper.cpp:420
No locals.
#18 0x00000000005ccad3 in ?? ()
No symbol table info available.
#19 0x00000000005d270c in ?? ()
No symbol table info available.
#20 0x00000000005d28f4 in ?? ()
No symbol table info available.
#21 0x00000000005a4392 in ?? ()
No symbol table info available.
#22 0x00000000004ef678 in ?? ()
No symbol table info available.
#23 0x00000000005fc867 in ?? ()
No symbol table info available.
#24 0x0000000000672fac in PyGC_Collect ()
No symbol table info available.
#25 0x000000000067f8aa in Py_FinalizeEx ()
No symbol table info available.
#26 0x00000000006b70fd in Py_RunMain ()
No symbol table info available.
#27 0x00000000006b736d in Py_BytesMain ()
No symbol table info available.
#28 0x00007fefcd83f0b3 in __libc_start_main (main=0x4eead0 <main>, argc=13, 
    argv=0x7ffc6ecbd048, init=<optimized out>, fini=<optimized out>, 
    rtld_fini=<optimized out>, stack_end=0x7ffc6ecbd038)
    at ../csu/libc-start.c:308
        self = <optimized out>
        result = <optimized out>
        unwind_buf = {cancel_jmp_buf = {{jmp_buf = {7041920, 
                8370590902510740170, 6268320, 140722167337024, 0, 0, 
                -8371473159143759158, -8361553844361305398}, 
              mask_was_saved = 0}}, priv = {pad = {0x0, 0x0, 0xd, 
              0x7ffc6ecbd048}, data = {prev = 0x0, cleanup = 0x0, 
              canceltype = 13}}}
        not_first_call = <optimized out>
#29 0x00000000005fa5ce in _start ()
No symbol table info available.
>>>>>>>>>>>>>>>>>>>>>>>>>>>>>>>>>>>>>>>>>>>>>>>>>>>>>>>>>>>>>>>>>>>


Cython backtrace
----------------
#0  0x00007fefcd8fdc50 in __GI___wait4 () at /build/glibc-sMfBJT/glibc-2.31/posix/../sysdeps/unix/sysv/linux/wait4.c:27
#1  0x0000000000000000 in ?? ()
#2  0x0000000000000000 in ?? ()
#3  0x0000000000000000 in ?? ()
#4  0x00007fefcd80c3c0 in __restore_rt ()
#5  0x00007fef87c49590 in ft_mem_free () at /tmp/pip-req-build-rsaj_tlt/build/freetype-2.6.1/src/base/ftutil.c:172
#6  0x0000000000000000 in FT2Font::FT2Font::~FT2Font () at /tmp/pip-req-build-rsaj_tlt/src/ft2font.cpp:361
#7  0x00007fef87c2fd70 in FT2Font::~FT2Font () at /tmp/pip-req-build-rsaj_tlt/src/ft2font.cpp:367
#8  0x00007fef87c36240 in PyFT2Font_dealloc () at /tmp/pip-req-build-rsaj_tlt/src/ft2font_wrapper.cpp:420
#9  0x0000000000000000 in ?? ()
#10 0x00000000004b16e2 in _PyErr_WriteUnraisableMsg ()
#11 0x00007fef87c3cf62 in FT_Stream_Close () at /tmp/pip-req-build-rsaj_tlt/build/freetype-2.6.1/src/base/ftstream.c:52
#12 0x00007fef87c3cf5d in FT_Stream_Free () at /tmp/pip-req-build-rsaj_tlt/build/freetype-2.6.1/src/base/ftobjs.c:228
#13 0x00007fef87c3cdf0 in destroy_face () at /tmp/pip-req-build-rsaj_tlt/build/freetype-2.6.1/src/base/ftobjs.c:949
#14 0x00007fef87c3e510 in FT_Done_Face () at /tmp/pip-req-build-rsaj_tlt/build/freetype-2.6.1/src/base/ftobjs.c:2443
#15 0x0000000000000000 in FT2Font::FT2Font::~FT2Font () at /tmp/pip-req-build-rsaj_tlt/src/ft2font.cpp:365
#16 0x00007fef87c2fd70 in FT2Font::~FT2Font () at /tmp/pip-req-build-rsaj_tlt/src/ft2font.cpp:367
#17 0x00007fef87c36240 in PyFT2Font_dealloc () at /tmp/pip-req-build-rsaj_tlt/src/ft2font_wrapper.cpp:420
#18 0x0000000000000000 in ?? ()
#19 0x0000000000000000 in ?? ()
#20 0x0000000000000000 in ?? ()
#21 0x0000000000000000 in ?? ()
#22 0x0000000000000000 in ?? ()
#23 0x0000000000000000 in ?? ()
#24 0x0000000000672f60 in PyGC_Collect ()
#25 0x000000000067f830 in Py_FinalizeEx ()
#26 0x00000000006b6dd0 in Py_RunMain ()
#27 0x00000000006b7340 in Py_BytesMain ()
#28 0x00007fefcd83efc0 in __libc_start_main () at /build/glibc-sMfBJT/glibc-2.31/csu/../csu/libc-start.c:308
#29 0x00000000005fa5a0 in _start ()

[Inferior 1 (process 40822) detached]
27	../sysdeps/unix/sysv/linux/wait4.c: No such file or directory.
