GNU gdb (Ubuntu 9.2-0ubuntu1~20.04.1) 9.2
Copyright (C) 2020 Free Software Foundation, Inc.
License GPLv3+: GNU GPL version 3 or later <http://gnu.org/licenses/gpl.html>
This is free software: you are free to change and redistribute it.
There is NO WARRANTY, to the extent permitted by law.
Type "show copying" and "show warranty" for details.
This GDB was configured as "x86_64-linux-gnu".
Type "show configuration" for configuration details.
For bug reporting instructions, please see:
<http://www.gnu.org/software/gdb/bugs/>.
Find the GDB manual and other documentation resources online at:
    <http://www.gnu.org/software/gdb/documentation/>.

For help, type "help".
Type "apropos word" to search for commands related to "word".
[New LWP 63739]
[New LWP 63740]
[New LWP 63741]
[New LWP 63742]
[New LWP 63743]
[New LWP 63744]
[New LWP 63745]
[New LWP 63787]
[New LWP 63788]
[New LWP 63789]
[New LWP 63790]
[New LWP 63791]
[New LWP 63792]
[New LWP 63793]
[New LWP 63794]
[New LWP 63795]
[New LWP 63796]
[New LWP 63797]
[New LWP 63798]
[New LWP 63799]
[New LWP 63800]
[New LWP 63801]
[Thread debugging using libthread_db enabled]
Using host libthread_db library "/lib/x86_64-linux-gnu/libthread_db.so.1".
0x00007f2e18f23caf in __GI___wait4 (pid=63802, stat_loc=0x0, options=0, 
    usage=0x0) at ../sysdeps/unix/sysv/linux/wait4.c:27

Stack backtrace
---------------
    usage=0x0) at ../sysdeps/unix/sysv/linux/wait4.c:27
        resultvar = 18446744073709551104
        sc_cancel_oldtype = 0
        sc_ret = <optimized out>
#1  0x00007f2dfc01b224 in ?? ()
   from /usr/lib/python3/dist-packages/cysignals/signals.cpython-38-x86_64-linux-gnu.so
No symbol table info available.
#2  0x00007f2dfc01b366 in ?? ()
   from /usr/lib/python3/dist-packages/cysignals/signals.cpython-38-x86_64-linux-gnu.so
No symbol table info available.
#3  0x00007f2dfc01dd5f in ?? ()
   from /usr/lib/python3/dist-packages/cysignals/signals.cpython-38-x86_64-linux-gnu.so
No symbol table info available.
#4  <signal handler called>
No locals.
#5  0x00007f2cac054a4c in GiNaC::numeric::print_numeric(GiNaC::print_context const&, char const*, char const*, char const*, char const*, unsigned int, bool) const () from /lib/x86_64-linux-gnu/libpynac.so.18
No symbol table info available.
#6  0x00007f2cac054adc in GiNaC::numeric::do_print(GiNaC::print_context const&, unsigned int) const () from /lib/x86_64-linux-gnu/libpynac.so.18
No symbol table info available.
#7  0x00007f2cabf908b4 in GiNaC::basic::print_dispatch(GiNaC::class_info<GiNaC::registered_class_options> const&, GiNaC::print_context const&, unsigned int) const () from /lib/x86_64-linux-gnu/libpynac.so.18
No symbol table info available.
#8  0x00007f2cac06a0a6 in GiNaC::power::do_print(GiNaC::print_context const&, unsigned int) const () from /lib/x86_64-linux-gnu/libpynac.so.18
No symbol table info available.
#9  0x00007f2cabf908b4 in GiNaC::basic::print_dispatch(GiNaC::class_info<GiNaC::registered_class_options> const&, GiNaC::print_context const&, unsigned int) const () from /lib/x86_64-linux-gnu/libpynac.so.18
No symbol table info available.
#10 0x00007f2cac03af4f in GiNaC::mul::print_exvector(std::vector<GiNaC::ex, std::allocator<GiNaC::ex> > const&, GiNaC::print_context const&, char const*) const
    () from /lib/x86_64-linux-gnu/libpynac.so.18
No symbol table info available.
#11 0x00007f2cac041be7 in GiNaC::mul::do_print_rat_func(GiNaC::print_context const&, unsigned int, bool) const () from /lib/x86_64-linux-gnu/libpynac.so.18
No symbol table info available.
#12 0x00007f2cabf908b4 in GiNaC::basic::print_dispatch(GiNaC::class_info<GiNaC::registered_class_options> const&, GiNaC::print_context const&, unsigned int) const () from /lib/x86_64-linux-gnu/libpynac.so.18
No symbol table info available.
#13 0x00007f2cabf7e06d in GiNaC::add::print_add(GiNaC::print_context const&, unsigned int, bool) const () from /lib/x86_64-linux-gnu/libpynac.so.18
No symbol table info available.
#14 0x00007f2cabf908b4 in GiNaC::basic::print_dispatch(GiNaC::class_info<GiNaC::registered_class_options> const&, GiNaC::print_context const&, unsigned int) const () from /lib/x86_64-linux-gnu/libpynac.so.18
No symbol table info available.
#15 0x00007f2cac06a181 in GiNaC::power::do_print(GiNaC::print_context const&, unsigned int) const () from /lib/x86_64-linux-gnu/libpynac.so.18
No symbol table info available.
#16 0x00007f2cabf908b4 in GiNaC::basic::print_dispatch(GiNaC::class_info<GiNaC::registered_class_options> const&, GiNaC::print_context const&, unsigned int) const () from /lib/x86_64-linux-gnu/libpynac.so.18
No symbol table info available.
#17 0x00007f2cac03af4f in GiNaC::mul::print_exvector(std::vector<GiNaC::ex, std::allocator<GiNaC::ex> > const&, GiNaC::print_context const&, char const*) const
    () from /lib/x86_64-linux-gnu/libpynac.so.18
No symbol table info available.
#18 0x00007f2cac040d93 in GiNaC::mul::do_print_rat_func(GiNaC::print_context const&, unsigned int, bool) const () from /lib/x86_64-linux-gnu/libpynac.so.18
No symbol table info available.
#19 0x00007f2cabf908b4 in GiNaC::basic::print_dispatch(GiNaC::class_info<GiNaC::registered_class_options> const&, GiNaC::print_context const&, unsigned int) const () from /lib/x86_64-linux-gnu/libpynac.so.18
No symbol table info available.
#20 0x00007f2cac0665a0 in GiNaC::operator<<(std::ostream&, GiNaC::ex const&) ()
   from /lib/x86_64-linux-gnu/libpynac.so.18
No symbol table info available.
#21 0x00007f2cab795abe in ?? ()
   from /usr/lib/python3/dist-packages/sage/symbolic/ring.cpython-38-x86_64-linux-gnu.so
No symbol table info available.
#22 0x00007f2cab795c7b in ?? ()
   from /usr/lib/python3/dist-packages/sage/symbolic/ring.cpython-38-x86_64-linux-gnu.so
No symbol table info available.
#23 0x00007f2cab84387a in ?? ()
   from /usr/lib/python3/dist-packages/sage/symbolic/expression.cpython-38-x86_64-linux-gnu.so
No symbol table info available.
#24 0x00007f2dd03b069c in ?? ()
   from /usr/lib/python3/dist-packages/sage/structure/sage_object.cpython-38-x86_64-linux-gnu.so
No symbol table info available.
#25 0x00007f2dd03b6a50 in ?? ()
   from /usr/lib/python3/dist-packages/sage/structure/sage_object.cpython-38-x86_64-linux-gnu.so
No symbol table info available.
#26 0x000000000059d227 in ?? ()
No symbol table info available.
#27 0x0000000000576f2e in ?? ()
No symbol table info available.
#28 0x00000000005f3d03 in _PyObject_MakeTpCall ()
No symbol table info available.
#29 0x0000000000570266 in _PyEval_EvalFrameDefault ()
No symbol table info available.
#30 0x00000000005f6836 in _PyFunction_Vectorcall ()
No symbol table info available.
#31 0x000000000056b1da in _PyEval_EvalFrameDefault ()
No symbol table info available.
#32 0x000000000059bdfb in ?? ()
No symbol table info available.
#33 0x00000000005f3d7f in _PyObject_MakeTpCall ()
No symbol table info available.
#34 0x0000000000570674 in _PyEval_EvalFrameDefault ()
No symbol table info available.
#35 0x000000000056939a in _PyEval_EvalCodeWithName ()
No symbol table info available.
#36 0x00000000005f6a13 in _PyFunction_Vectorcall ()
No symbol table info available.
#37 0x000000000059bfb7 in ?? ()
No symbol table info available.
#38 0x00000000005f3d7f in _PyObject_MakeTpCall ()
No symbol table info available.
#39 0x0000000000570af9 in _PyEval_EvalFrameDefault ()
No symbol table info available.
#40 0x000000000056939a in _PyEval_EvalCodeWithName ()
No symbol table info available.
#41 0x000000000068d047 in PyEval_EvalCode ()
No symbol table info available.
#42 0x00000000006003a4 in ?? ()
No symbol table info available.
#43 0x00000000005c4a40 in ?? ()
No symbol table info available.
#44 0x000000000056b0ae in _PyEval_EvalFrameDefault ()
No symbol table info available.
#45 0x00000000005002d8 in ?? ()
No symbol table info available.
#46 0x000000000056cadf in _PyEval_EvalFrameDefault ()
No symbol table info available.
#47 0x00000000005002d8 in ?? ()
No symbol table info available.
#48 0x000000000056cadf in _PyEval_EvalFrameDefault ()
No symbol table info available.
#49 0x00000000005002d8 in ?? ()
No symbol table info available.
#50 0x0000000000503fb6 in ?? ()
No symbol table info available.
#51 0x000000000056b1da in _PyEval_EvalFrameDefault ()
No symbol table info available.
#52 0x00000000005f6836 in _PyFunction_Vectorcall ()
No symbol table info available.
#53 0x000000000056b0ae in _PyEval_EvalFrameDefault ()
No symbol table info available.
#54 0x00000000005f6836 in _PyFunction_Vectorcall ()
No symbol table info available.
#55 0x000000000056b1da in _PyEval_EvalFrameDefault ()
No symbol table info available.
#56 0x000000000056939a in _PyEval_EvalCodeWithName ()
No symbol table info available.
#57 0x00000000005f6a13 in _PyFunction_Vectorcall ()
No symbol table info available.
#58 0x000000000050aa2c in ?? ()
No symbol table info available.
#59 0x00000000005f3547 in PyObject_Call ()
No symbol table info available.
#60 0x000000000056c8cd in _PyEval_EvalFrameDefault ()
No symbol table info available.
#61 0x000000000056939a in _PyEval_EvalCodeWithName ()
No symbol table info available.
#62 0x000000000050aaa0 in ?? ()
No symbol table info available.
#63 0x000000000056c28c in _PyEval_EvalFrameDefault ()
No symbol table info available.
#64 0x0000000000500773 in ?? ()
No symbol table info available.
#65 0x00000000004f5003 in ?? ()
No symbol table info available.
#66 0x00000000005c4a40 in ?? ()
No symbol table info available.
#67 0x00000000004f290e in ?? ()
No symbol table info available.
#68 0x00000000005fef43 in ?? ()
No symbol table info available.
#69 0x00000000005c4927 in ?? ()
No symbol table info available.
#70 0x000000000056b0ae in _PyEval_EvalFrameDefault ()
No symbol table info available.
#71 0x000000000056939a in _PyEval_EvalCodeWithName ()
No symbol table info available.
#72 0x00000000005f6a13 in _PyFunction_Vectorcall ()
No symbol table info available.
#73 0x000000000056b1da in _PyEval_EvalFrameDefault ()
No symbol table info available.
#74 0x0000000000500773 in ?? ()
No symbol table info available.
#75 0x00000000004f5003 in ?? ()
No symbol table info available.
#76 0x00000000005c4a40 in ?? ()
No symbol table info available.
#77 0x00000000004f290e in ?? ()
No symbol table info available.
#78 0x00000000005fef43 in ?? ()
No symbol table info available.
#79 0x00000000005c4927 in ?? ()
No symbol table info available.
#80 0x000000000056b0ae in _PyEval_EvalFrameDefault ()
No symbol table info available.
#81 0x000000000056939a in _PyEval_EvalCodeWithName ()
No symbol table info available.
#82 0x000000000050aaa0 in ?? ()
No symbol table info available.
#83 0x000000000056b0ae in _PyEval_EvalFrameDefault ()
No symbol table info available.
#84 0x0000000000500773 in ?? ()
No symbol table info available.
#85 0x00000000004f5003 in ?? ()
No symbol table info available.
#86 0x00000000005c4a40 in ?? ()
No symbol table info available.
#87 0x00000000004f290e in ?? ()
No symbol table info available.
#88 0x00000000005fef43 in ?? ()
No symbol table info available.
#89 0x00000000005c4927 in ?? ()
No symbol table info available.
#90 0x000000000056b0ae in _PyEval_EvalFrameDefault ()
No symbol table info available.
#91 0x000000000056939a in _PyEval_EvalCodeWithName ()
No symbol table info available.
#92 0x00000000005f6a13 in _PyFunction_Vectorcall ()
No symbol table info available.
#93 0x000000000050aa2c in ?? ()
No symbol table info available.
#94 0x00000000005f3547 in PyObject_Call ()
No symbol table info available.
#95 0x000000000056c8cd in _PyEval_EvalFrameDefault ()
No symbol table info available.
#96 0x00000000005002d8 in ?? ()
No symbol table info available.
#97 0x0000000000503fb6 in ?? ()
No symbol table info available.
#98 0x000000000056b1da in _PyEval_EvalFrameDefault ()
No symbol table info available.
#99 0x00000000005f6836 in _PyFunction_Vectorcall ()
No symbol table info available.
#100 0x000000000050aa2c in ?? ()
No symbol table info available.
#101 0x00000000004f290e in ?? ()
No symbol table info available.
#102 0x00000000005fef43 in ?? ()
No symbol table info available.
#103 0x00000000005c4927 in ?? ()
No symbol table info available.
#104 0x0000000000570035 in _PyEval_EvalFrameDefault ()
No symbol table info available.
#105 0x000000000056939a in _PyEval_EvalCodeWithName ()
No symbol table info available.
#106 0x00000000005f6a13 in _PyFunction_Vectorcall ()
No symbol table info available.
#107 0x00000000005f61db in _PyObject_FastCallDict ()
No symbol table info available.
#108 0x000000000066598d in ?? ()
No symbol table info available.
#109 0x00000000005f3e1e in _PyObject_MakeTpCall ()
No symbol table info available.
#110 0x0000000000570266 in _PyEval_EvalFrameDefault ()
No symbol table info available.
#111 0x00000000005f6836 in _PyFunction_Vectorcall ()
No symbol table info available.
#112 0x000000000056b1da in _PyEval_EvalFrameDefault ()
No symbol table info available.
#113 0x000000000056939a in _PyEval_EvalCodeWithName ()
No symbol table info available.
#114 0x00000000005f6a13 in _PyFunction_Vectorcall ()
No symbol table info available.
#115 0x00000000004f290e in ?? ()
No symbol table info available.
#116 0x00000000005fef43 in ?? ()
No symbol table info available.
#117 0x00000000005c4927 in ?? ()
No symbol table info available.
#118 0x00000000005f2f5d in PyVectorcall_Call ()
No symbol table info available.
#119 0x000000000057126d in _PyEval_EvalFrameDefault ()
No symbol table info available.
#120 0x00000000005f6836 in _PyFunction_Vectorcall ()
No symbol table info available.
#121 0x000000000056b1da in _PyEval_EvalFrameDefault ()
No symbol table info available.
#122 0x00000000005f6836 in _PyFunction_Vectorcall ()
No symbol table info available.
#123 0x000000000056b1da in _PyEval_EvalFrameDefault ()
No symbol table info available.
#124 0x00000000005f6836 in _PyFunction_Vectorcall ()
No symbol table info available.
#125 0x000000000056b1da in _PyEval_EvalFrameDefault ()
No symbol table info available.
#126 0x00000000005f6836 in _PyFunction_Vectorcall ()
No symbol table info available.
#127 0x000000000056b1da in _PyEval_EvalFrameDefault ()
No symbol table info available.
#128 0x00000000005f6836 in _PyFunction_Vectorcall ()
No symbol table info available.
#129 0x000000000056b1da in _PyEval_EvalFrameDefault ()
No symbol table info available.
#130 0x000000000056939a in _PyEval_EvalCodeWithName ()
No symbol table info available.
#131 0x000000000050aaa0 in ?? ()
No symbol table info available.
#132 0x0000000000570035 in _PyEval_EvalFrameDefault ()
No symbol table info available.
#133 0x000000000056939a in _PyEval_EvalCodeWithName ()
No symbol table info available.
#134 0x000000000068d047 in PyEval_EvalCode ()
No symbol table info available.
#135 0x00000000006003a4 in ?? ()
No symbol table info available.
#136 0x00000000005c4a40 in ?? ()
No symbol table info available.
#137 0x000000000056b0ae in _PyEval_EvalFrameDefault ()
No symbol table info available.
#138 0x000000000056939a in _PyEval_EvalCodeWithName ()
No symbol table info available.
#139 0x00000000005f6a13 in _PyFunction_Vectorcall ()
No symbol table info available.
#140 0x000000000056b0ae in _PyEval_EvalFrameDefault ()
No symbol table info available.
#141 0x000000000056939a in _PyEval_EvalCodeWithName ()
No symbol table info available.
#142 0x00000000005f6a13 in _PyFunction_Vectorcall ()
No symbol table info available.
#143 0x00000000005f3547 in PyObject_Call ()
No symbol table info available.
#144 0x00000000006b6d42 in ?? ()
No symbol table info available.
#145 0x00000000006b7149 in Py_RunMain ()
No symbol table info available.
#146 0x00000000006b736d in Py_BytesMain ()
No symbol table info available.
#147 0x00007f2e18e650b3 in __libc_start_main (main=0x4eead0 <main>, argc=13, 
    argv=0x7ffde4c9d608, init=<optimized out>, fini=<optimized out>, 
    rtld_fini=<optimized out>, stack_end=0x7ffde4c9d5f8)
    at ../csu/libc-start.c:308
        self = <optimized out>
        result = <optimized out>
        unwind_buf = {cancel_jmp_buf = {{jmp_buf = {7041920, 
                3155773545816861059, 6268320, 140728441886208, 0, 0, 
                -3156945538411320957, -3055764239467468413}, 
              mask_was_saved = 0}}, priv = {pad = {0x0, 0x0, 0xd, 
              0x7ffde4c9d608}, data = {prev = 0x0, cleanup = 0x0, 
              canceltype = 13}}}
        not_first_call = <optimized out>
#148 0x00000000005fa5ce in _start ()
No symbol table info available.
>>>>>>>>>>>>>>>>>>>>>>>>>>>>>>>>>>>>>>>>>>>>>>>>>>>>>>>>>>>>>>>>>>>


Cython backtrace
----------------
#0  0x00007f2e18f23c50 in __GI___wait4 () at /build/glibc-sMfBJT/glibc-2.31/posix/../sysdeps/unix/sysv/linux/wait4.c:27
#1  0x0000000000000000 in ?? ()
#2  0x0000000000000000 in ?? ()
#3  0x0000000000000000 in ?? ()
#4  0x00007f2e18e323c0 in __restore_rt ()
#5  0x0000000000000000 in GiNaC::numeric::print_numeric(GiNaC::print_context const&, char const*, char const*, char const*, char const*, unsigned int, bool) const ()
#6  0x0000000000000000 in GiNaC::numeric::do_print(GiNaC::print_context const&, unsigned int) const ()
#7  0x0000000000000000 in GiNaC::basic::print_dispatch(GiNaC::class_info<GiNaC::registered_class_options> const&, GiNaC::print_context const&, unsigned int) const ()
#8  0x0000000000000000 in GiNaC::power::do_print(GiNaC::print_context const&, unsigned int) const ()
#9  0x0000000000000000 in GiNaC::basic::print_dispatch(GiNaC::class_info<GiNaC::registered_class_options> const&, GiNaC::print_context const&, unsigned int) const ()
#10 0x0000000000000000 in GiNaC::mul::print_exvector(std::vector<GiNaC::ex, std::allocator<GiNaC::ex> > const&, GiNaC::print_context const&, char const*) const ()
#11 0x0000000000000000 in GiNaC::mul::do_print_rat_func(GiNaC::print_context const&, unsigned int, bool) const ()
#12 0x0000000000000000 in GiNaC::basic::print_dispatch(GiNaC::class_info<GiNaC::registered_class_options> const&, GiNaC::print_context const&, unsigned int) const ()
#13 0x0000000000000000 in GiNaC::add::print_add(GiNaC::print_context const&, unsigned int, bool) const ()
#14 0x0000000000000000 in GiNaC::basic::print_dispatch(GiNaC::class_info<GiNaC::registered_class_options> const&, GiNaC::print_context const&, unsigned int) const ()
#15 0x0000000000000000 in GiNaC::power::do_print(GiNaC::print_context const&, unsigned int) const ()
#16 0x0000000000000000 in GiNaC::basic::print_dispatch(GiNaC::class_info<GiNaC::registered_class_options> const&, GiNaC::print_context const&, unsigned int) const ()
#17 0x0000000000000000 in GiNaC::mul::print_exvector(std::vector<GiNaC::ex, std::allocator<GiNaC::ex> > const&, GiNaC::print_context const&, char const*) const ()
#18 0x0000000000000000 in GiNaC::mul::do_print_rat_func(GiNaC::print_context const&, unsigned int, bool) const ()
#19 0x0000000000000000 in GiNaC::basic::print_dispatch(GiNaC::class_info<GiNaC::registered_class_options> const&, GiNaC::print_context const&, unsigned int) const ()
#20 0x0000000000000000 in GiNaC::operator<<(std::ostream&, GiNaC::ex const&) ()
#21 0x0000000000000000 in ?? ()
#22 0x0000000000000000 in ?? ()
#23 0x0000000000000000 in ?? ()
#24 0x0000000000000000 in ?? ()
#25 0x0000000000000000 in ?? ()
#26 0x0000000000000000 in ?? ()
#27 0x0000000000000000 in ?? ()
#28 0x00000000005f3b80 in _PyObject_MakeTpCall ()
#29 0x000000000056a980 in _PyEval_EvalFrameDefault ()
#30 0x00000000005f6680 in _PyFunction_Vectorcall ()
#31 0x000000000056a980 in _PyEval_EvalFrameDefault ()
#32 0x0000000000000000 in ?? ()
#33 0x00000000005f3b80 in _PyObject_MakeTpCall ()
#34 0x000000000056a980 in _PyEval_EvalFrameDefault ()
#35 0x0000000000569130 in _PyEval_EvalCodeWithName ()
#36 0x00000000005f6680 in _PyFunction_Vectorcall ()
#37 0x0000000000000000 in ?? ()
#38 0x00000000005f3b80 in _PyObject_MakeTpCall ()
#39 0x000000000056a980 in _PyEval_EvalFrameDefault ()
#40 0x0000000000569130 in _PyEval_EvalCodeWithName ()
#41 0x000000000068d020 in PyEval_EvalCode ()
#42 0x0000000000000000 in ?? ()
#43 0x0000000000000000 in ?? ()
#44 0x000000000056a980 in _PyEval_EvalFrameDefault ()
#45 0x0000000000000000 in ?? ()
#46 0x000000000056a980 in _PyEval_EvalFrameDefault ()
#47 0x0000000000000000 in ?? ()
#48 0x000000000056a980 in _PyEval_EvalFrameDefault ()
#49 0x0000000000000000 in ?? ()
#50 0x0000000000000000 in ?? ()
#51 0x000000000056a980 in _PyEval_EvalFrameDefault ()
#52 0x00000000005f6680 in _PyFunction_Vectorcall ()
#53 0x000000000056a980 in _PyEval_EvalFrameDefault ()
#54 0x00000000005f6680 in _PyFunction_Vectorcall ()
#55 0x000000000056a980 in _PyEval_EvalFrameDefault ()
#56 0x0000000000569130 in _PyEval_EvalCodeWithName ()
#57 0x00000000005f6680 in _PyFunction_Vectorcall ()
#58 0x0000000000000000 in ?? ()
#59 0x00000000005f3350 in PyObject_Call ()
#60 0x000000000056a980 in _PyEval_EvalFrameDefault ()
#61 0x0000000000569130 in _PyEval_EvalCodeWithName ()
#62 0x0000000000000000 in ?? ()
#63 0x000000000056a980 in _PyEval_EvalFrameDefault ()
#64 0x0000000000000000 in ?? ()
#65 0x0000000000000000 in ?? ()
#66 0x0000000000000000 in ?? ()
#67 0x0000000000000000 in ?? ()
#68 0x0000000000000000 in ?? ()
#69 0x0000000000000000 in ?? ()
#70 0x000000000056a980 in _PyEval_EvalFrameDefault ()
#71 0x0000000000569130 in _PyEval_EvalCodeWithName ()
#72 0x00000000005f6680 in _PyFunction_Vectorcall ()
#73 0x000000000056a980 in _PyEval_EvalFrameDefault ()
#74 0x0000000000000000 in ?? ()
#75 0x0000000000000000 in ?? ()
#76 0x0000000000000000 in ?? ()
#77 0x0000000000000000 in ?? ()
#78 0x0000000000000000 in ?? ()
#79 0x0000000000000000 in ?? ()
#80 0x000000000056a980 in _PyEval_EvalFrameDefault ()
#81 0x0000000000569130 in _PyEval_EvalCodeWithName ()
#82 0x0000000000000000 in ?? ()
#83 0x000000000056a980 in _PyEval_EvalFrameDefault ()
#84 0x0000000000000000 in ?? ()
#85 0x0000000000000000 in ?? ()
#86 0x0000000000000000 in ?? ()
#87 0x0000000000000000 in ?? ()
#88 0x0000000000000000 in ?? ()
#89 0x0000000000000000 in ?? ()
#90 0x000000000056a980 in _PyEval_EvalFrameDefault ()
#91 0x0000000000569130 in _PyEval_EvalCodeWithName ()
#92 0x00000000005f6680 in _PyFunction_Vectorcall ()
#93 0x0000000000000000 in ?? ()
#94 0x00000000005f3350 in PyObject_Call ()
#95 0x000000000056a980 in _PyEval_EvalFrameDefault ()
#96 0x0000000000000000 in ?? ()
#97 0x0000000000000000 in ?? ()
#98 0x000000000056a980 in _PyEval_EvalFrameDefault ()
#99 0x00000000005f6680 in _PyFunction_Vectorcall ()
#100 0x0000000000000000 in ?? ()
#101 0x0000000000000000 in ?? ()
#102 0x0000000000000000 in ?? ()
#103 0x0000000000000000 in ?? ()
#104 0x000000000056a980 in _PyEval_EvalFrameDefault ()
#105 0x0000000000569130 in _PyEval_EvalCodeWithName ()
#106 0x00000000005f6680 in _PyFunction_Vectorcall ()
#107 0x00000000005f6190 in _PyObject_FastCallDict ()
#108 0x0000000000000000 in ?? ()
#109 0x00000000005f3b80 in _PyObject_MakeTpCall ()
#110 0x000000000056a980 in _PyEval_EvalFrameDefault ()
#111 0x00000000005f6680 in _PyFunction_Vectorcall ()
#112 0x000000000056a980 in _PyEval_EvalFrameDefault ()
#113 0x0000000000569130 in _PyEval_EvalCodeWithName ()
#114 0x00000000005f6680 in _PyFunction_Vectorcall ()
#115 0x0000000000000000 in ?? ()
#116 0x0000000000000000 in ?? ()
#117 0x0000000000000000 in ?? ()
#118 0x00000000005f2dd0 in PyVectorcall_Call ()
#119 0x000000000056a980 in _PyEval_EvalFrameDefault ()
#120 0x00000000005f6680 in _PyFunction_Vectorcall ()
#121 0x000000000056a980 in _PyEval_EvalFrameDefault ()
#122 0x00000000005f6680 in _PyFunction_Vectorcall ()
#123 0x000000000056a980 in _PyEval_EvalFrameDefault ()
#124 0x00000000005f6680 in _PyFunction_Vectorcall ()
#125 0x000000000056a980 in _PyEval_EvalFrameDefault ()
#126 0x00000000005f6680 in _PyFunction_Vectorcall ()
#127 0x000000000056a980 in _PyEval_EvalFrameDefault ()
#128 0x00000000005f6680 in _PyFunction_Vectorcall ()
#129 0x000000000056a980 in _PyEval_EvalFrameDefault ()
#130 0x0000000000569130 in _PyEval_EvalCodeWithName ()
#131 0x0000000000000000 in ?? ()
#132 0x000000000056a980 in _PyEval_EvalFrameDefault ()
#133 0x0000000000569130 in _PyEval_EvalCodeWithName ()
#134 0x000000000068d020 in PyEval_EvalCode ()
#135 0x0000000000000000 in ?? ()
#136 0x0000000000000000 in ?? ()
#137 0x000000000056a980 in _PyEval_EvalFrameDefault ()
#138 0x0000000000569130 in _PyEval_EvalCodeWithName ()
#139 0x00000000005f6680 in _PyFunction_Vectorcall ()
#140 0x000000000056a980 in _PyEval_EvalFrameDefault ()
#141 0x0000000000569130 in _PyEval_EvalCodeWithName ()
#142 0x00000000005f6680 in _PyFunction_Vectorcall ()
#143 0x00000000005f3350 in PyObject_Call ()
#144 0x0000000000000000 in ?? ()
#145 0x00000000006b6dd0 in Py_RunMain ()
#146 0x00000000006b7340 in Py_BytesMain ()
#147 0x00007f2e18e64fc0 in __libc_start_main () at /build/glibc-sMfBJT/glibc-2.31/csu/../csu/libc-start.c:308
#148 0x00000000005fa5a0 in _start ()

[Inferior 1 (process 63736) detached]
27	../sysdeps/unix/sysv/linux/wait4.c: No such file or directory.
